This is pdfTeX, Version 3.141592653-2.6-1.40.23 (TeX Live 2021/W32TeX) (preloaded format=pdflatex 2021.10.11)  11 OCT 2021 17:20
entering extended mode
 restricted \write18 enabled.
 %&-line parsing enabled.
**C:/Users/ucbtds4/R_Repositories/scoping_review/manuscript_v2.tex
(c:/Users/ucbtds4/R_Repositories/scoping_review/manuscript_v2.tex
LaTeX2e <2021-06-01> patch level 1
L3 programming layer <2021-08-27>
(c:/Users/ucbtds4/AppData/Roaming/TinyTeX/texmf-dist/tex/latex/base/article.cls
Document Class: article 2021/02/12 v1.4n Standard LaTeX document class
(c:/Users/ucbtds4/AppData/Roaming/TinyTeX/texmf-dist/tex/latex/base/size10.clo
File: size10.clo 2021/02/12 v1.4n Standard LaTeX file (size option)
)
\c@part=\count182
\c@section=\count183
\c@subsection=\count184
\c@subsubsection=\count185
\c@paragraph=\count186
\c@subparagraph=\count187
\c@figure=\count188
\c@table=\count189
\abovecaptionskip=\skip47
\belowcaptionskip=\skip48
\bibindent=\dimen138
)
(c:/Users/ucbtds4/AppData/Roaming/TinyTeX/texmf-dist/tex/latex/amsmath/amsmath.
sty
Package: amsmath 2021/04/20 v2.17j AMS math features
\@mathmargin=\skip49
For additional information on amsmath, use the `?' option.

(c:/Users/ucbtds4/AppData/Roaming/TinyTeX/texmf-dist/tex/latex/amsmath/amstext.
sty
Package: amstext 2000/06/29 v2.01 AMS text

(c:/Users/ucbtds4/AppData/Roaming/TinyTeX/texmf-dist/tex/latex/amsmath/amsgen.s
ty
File: amsgen.sty 1999/11/30 v2.0 generic functions
\@emptytoks=\toks16
\ex@=\dimen139
))
(c:/Users/ucbtds4/AppData/Roaming/TinyTeX/texmf-dist/tex/latex/amsmath/amsbsy.s
ty
Package: amsbsy 1999/11/29 v1.2d Bold Symbols
\pmbraise@=\dimen140
)
(c:/Users/ucbtds4/AppData/Roaming/TinyTeX/texmf-dist/tex/latex/amsmath/amsopn.s
ty
Package: amsopn 2016/03/08 v2.02 operator names
)
\inf@bad=\count190
LaTeX Info: Redefining \frac on input line 234.
\uproot@=\count191
\leftroot@=\count192
LaTeX Info: Redefining \overline on input line 399.
\classnum@=\count193
\DOTSCASE@=\count194
LaTeX Info: Redefining \ldots on input line 496.
LaTeX Info: Redefining \dots on input line 499.
LaTeX Info: Redefining \cdots on input line 620.
\Mathstrutbox@=\box50
\strutbox@=\box51
\big@size=\dimen141
LaTeX Font Info:    Redeclaring font encoding OML on input line 743.
LaTeX Font Info:    Redeclaring font encoding OMS on input line 744.
\macc@depth=\count195
\c@MaxMatrixCols=\count196
\dotsspace@=\muskip16
\c@parentequation=\count197
\dspbrk@lvl=\count198
\tag@help=\toks17
\row@=\count199
\column@=\count266
\maxfields@=\count267
\andhelp@=\toks18
\eqnshift@=\dimen142
\alignsep@=\dimen143
\tagshift@=\dimen144
\tagwidth@=\dimen145
\totwidth@=\dimen146
\lineht@=\dimen147
\@envbody=\toks19
\multlinegap=\skip50
\multlinetaggap=\skip51
\mathdisplay@stack=\toks20
LaTeX Info: Redefining \[ on input line 2923.
LaTeX Info: Redefining \] on input line 2924.
)
(c:/Users/ucbtds4/AppData/Roaming/TinyTeX/texmf-dist/tex/latex/amsfonts/amssymb
.sty
Package: amssymb 2013/01/14 v3.01 AMS font symbols

(c:/Users/ucbtds4/AppData/Roaming/TinyTeX/texmf-dist/tex/latex/amsfonts/amsfont
s.sty
Package: amsfonts 2013/01/14 v3.01 Basic AMSFonts support
\symAMSa=\mathgroup4
\symAMSb=\mathgroup5
LaTeX Font Info:    Redeclaring math symbol \hbar on input line 98.
LaTeX Font Info:    Overwriting math alphabet `\mathfrak' in version `bold'
(Font)                  U/euf/m/n --> U/euf/b/n on input line 106.
)) (c:/Users/ucbtds4/AppData/Roaming/TinyTeX/texmf-dist/tex/latex/lm/lmodern.st
y
Package: lmodern 2015/05/01 v1.6.1 Latin Modern Fonts
LaTeX Font Info:    Overwriting symbol font `operators' in version `normal'
(Font)                  OT1/cmr/m/n --> OT1/lmr/m/n on input line 22.
LaTeX Font Info:    Overwriting symbol font `letters' in version `normal'
(Font)                  OML/cmm/m/it --> OML/lmm/m/it on input line 23.
LaTeX Font Info:    Overwriting symbol font `symbols' in version `normal'
(Font)                  OMS/cmsy/m/n --> OMS/lmsy/m/n on input line 24.
LaTeX Font Info:    Overwriting symbol font `largesymbols' in version `normal'
(Font)                  OMX/cmex/m/n --> OMX/lmex/m/n on input line 25.
LaTeX Font Info:    Overwriting symbol font `operators' in version `bold'
(Font)                  OT1/cmr/bx/n --> OT1/lmr/bx/n on input line 26.
LaTeX Font Info:    Overwriting symbol font `letters' in version `bold'
(Font)                  OML/cmm/b/it --> OML/lmm/b/it on input line 27.
LaTeX Font Info:    Overwriting symbol font `symbols' in version `bold'
(Font)                  OMS/cmsy/b/n --> OMS/lmsy/b/n on input line 28.
LaTeX Font Info:    Overwriting symbol font `largesymbols' in version `bold'
(Font)                  OMX/cmex/m/n --> OMX/lmex/m/n on input line 29.
LaTeX Font Info:    Overwriting math alphabet `\mathbf' in version `normal'
(Font)                  OT1/cmr/bx/n --> OT1/lmr/bx/n on input line 31.
LaTeX Font Info:    Overwriting math alphabet `\mathsf' in version `normal'
(Font)                  OT1/cmss/m/n --> OT1/lmss/m/n on input line 32.
LaTeX Font Info:    Overwriting math alphabet `\mathit' in version `normal'
(Font)                  OT1/cmr/m/it --> OT1/lmr/m/it on input line 33.
LaTeX Font Info:    Overwriting math alphabet `\mathtt' in version `normal'
(Font)                  OT1/cmtt/m/n --> OT1/lmtt/m/n on input line 34.
LaTeX Font Info:    Overwriting math alphabet `\mathbf' in version `bold'
(Font)                  OT1/cmr/bx/n --> OT1/lmr/bx/n on input line 35.
LaTeX Font Info:    Overwriting math alphabet `\mathsf' in version `bold'
(Font)                  OT1/cmss/bx/n --> OT1/lmss/bx/n on input line 36.
LaTeX Font Info:    Overwriting math alphabet `\mathit' in version `bold'
(Font)                  OT1/cmr/bx/it --> OT1/lmr/bx/it on input line 37.
LaTeX Font Info:    Overwriting math alphabet `\mathtt' in version `bold'
(Font)                  OT1/cmtt/m/n --> OT1/lmtt/m/n on input line 38.
)
(c:/Users/ucbtds4/AppData/Roaming/TinyTeX/texmf-dist/tex/generic/iftex/iftex.st
y
Package: iftex 2020/03/06 v1.0d TeX engine tests
)
(c:/Users/ucbtds4/AppData/Roaming/TinyTeX/texmf-dist/tex/latex/base/fontenc.sty
Package: fontenc 2021/04/29 v2.0v Standard LaTeX package
LaTeX Font Info:    Trying to load font information for T1+lmr on input line 11
2.
(c:/Users/ucbtds4/AppData/Roaming/TinyTeX/texmf-dist/tex/latex/lm/t1lmr.fd
File: t1lmr.fd 2015/05/01 v1.6.1 Font defs for Latin Modern
))
(c:/Users/ucbtds4/AppData/Roaming/TinyTeX/texmf-dist/tex/latex/base/inputenc.st
y
Package: inputenc 2021/02/14 v1.3d Input encoding file
\inpenc@prehook=\toks21
\inpenc@posthook=\toks22
)
(c:/Users/ucbtds4/AppData/Roaming/TinyTeX/texmf-dist/tex/latex/base/textcomp.st
y
Package: textcomp 2020/02/02 v2.0n Standard LaTeX package
)
(c:/Users/ucbtds4/AppData/Roaming/TinyTeX/texmf-dist/tex/latex/xcolor/xcolor.st
y
Package: xcolor 2016/05/11 v2.12 LaTeX color extensions (UK)

(c:/Users/ucbtds4/AppData/Roaming/TinyTeX/texmf-dist/tex/latex/graphics-cfg/col
or.cfg
File: color.cfg 2016/01/02 v1.6 sample color configuration
)
Package xcolor Info: Driver file: pdftex.def on input line 225.

(c:/Users/ucbtds4/AppData/Roaming/TinyTeX/texmf-dist/tex/latex/graphics-def/pdf
tex.def
File: pdftex.def 2020/10/05 v1.2a Graphics/color driver for pdftex
)
Package xcolor Info: Model `cmy' substituted by `cmy0' on input line 1348.
Package xcolor Info: Model `hsb' substituted by `rgb' on input line 1352.
Package xcolor Info: Model `RGB' extended on input line 1364.
Package xcolor Info: Model `HTML' substituted by `rgb' on input line 1366.
Package xcolor Info: Model `Hsb' substituted by `hsb' on input line 1367.
Package xcolor Info: Model `tHsb' substituted by `hsb' on input line 1368.
Package xcolor Info: Model `HSB' substituted by `hsb' on input line 1369.
Package xcolor Info: Model `Gray' substituted by `gray' on input line 1370.
Package xcolor Info: Model `wave' substituted by `hsb' on input line 1371.
)
(c:/Users/ucbtds4/AppData/Roaming/TinyTeX/texmf-dist/tex/latex/hyperref/hyperre
f.sty
Package: hyperref 2021-06-07 v7.00m Hypertext links for LaTeX

(c:/Users/ucbtds4/AppData/Roaming/TinyTeX/texmf-dist/tex/generic/ltxcmds/ltxcmd
s.sty
Package: ltxcmds 2020-05-10 v1.25 LaTeX kernel commands for general use (HO)
)
(c:/Users/ucbtds4/AppData/Roaming/TinyTeX/texmf-dist/tex/generic/pdftexcmds/pdf
texcmds.sty
Package: pdftexcmds 2020-06-27 v0.33 Utility functions of pdfTeX for LuaTeX (HO
)

(c:/Users/ucbtds4/AppData/Roaming/TinyTeX/texmf-dist/tex/generic/infwarerr/infw
arerr.sty
Package: infwarerr 2019/12/03 v1.5 Providing info/warning/error messages (HO)
)
Package pdftexcmds Info: \pdf@primitive is available.
Package pdftexcmds Info: \pdf@ifprimitive is available.
Package pdftexcmds Info: \pdfdraftmode found.
)
(c:/Users/ucbtds4/AppData/Roaming/TinyTeX/texmf-dist/tex/latex/graphics/keyval.
sty
Package: keyval 2014/10/28 v1.15 key=value parser (DPC)
\KV@toks@=\toks23
)
(c:/Users/ucbtds4/AppData/Roaming/TinyTeX/texmf-dist/tex/generic/kvsetkeys/kvse
tkeys.sty
Package: kvsetkeys 2019/12/15 v1.18 Key value parser (HO)
)
(c:/Users/ucbtds4/AppData/Roaming/TinyTeX/texmf-dist/tex/generic/kvdefinekeys/k
vdefinekeys.sty
Package: kvdefinekeys 2019-12-19 v1.6 Define keys (HO)
)
(c:/Users/ucbtds4/AppData/Roaming/TinyTeX/texmf-dist/tex/generic/pdfescape/pdfe
scape.sty
Package: pdfescape 2019/12/09 v1.15 Implements pdfTeX's escape features (HO)
)
(c:/Users/ucbtds4/AppData/Roaming/TinyTeX/texmf-dist/tex/latex/hycolor/hycolor.
sty
Package: hycolor 2020-01-27 v1.10 Color options for hyperref/bookmark (HO)
)
(c:/Users/ucbtds4/AppData/Roaming/TinyTeX/texmf-dist/tex/latex/letltxmacro/letl
txmacro.sty
Package: letltxmacro 2019/12/03 v1.6 Let assignment for LaTeX macros (HO)
)
(c:/Users/ucbtds4/AppData/Roaming/TinyTeX/texmf-dist/tex/latex/auxhook/auxhook.
sty
Package: auxhook 2019-12-17 v1.6 Hooks for auxiliary files (HO)
)
(c:/Users/ucbtds4/AppData/Roaming/TinyTeX/texmf-dist/tex/latex/kvoptions/kvopti
ons.sty
Package: kvoptions 2020-10-07 v3.14 Key value format for package options (HO)
)
\@linkdim=\dimen148
\Hy@linkcounter=\count268
\Hy@pagecounter=\count269

(c:/Users/ucbtds4/AppData/Roaming/TinyTeX/texmf-dist/tex/latex/hyperref/pd1enc.
def
File: pd1enc.def 2021-06-07 v7.00m Hyperref: PDFDocEncoding definition (HO)
Now handling font encoding PD1 ...
... no UTF-8 mapping file for font encoding PD1
)
(c:/Users/ucbtds4/AppData/Roaming/TinyTeX/texmf-dist/tex/latex/hyperref/hyperre
f-langpatches.def
File: hyperref-langpatches.def 2021-06-07 v7.00m Hyperref: patches for babel la
nguages
)
(c:/Users/ucbtds4/AppData/Roaming/TinyTeX/texmf-dist/tex/generic/intcalc/intcal
c.sty
Package: intcalc 2019/12/15 v1.3 Expandable calculations with integers (HO)
)
(c:/Users/ucbtds4/AppData/Roaming/TinyTeX/texmf-dist/tex/generic/etexcmds/etexc
mds.sty
Package: etexcmds 2019/12/15 v1.7 Avoid name clashes with e-TeX commands (HO)
)
\Hy@SavedSpaceFactor=\count270

(c:/Users/ucbtds4/AppData/Roaming/TinyTeX/texmf-dist/tex/latex/hyperref/puenc.d
ef
File: puenc.def 2021-06-07 v7.00m Hyperref: PDF Unicode definition (HO)
Now handling font encoding PU ...
... no UTF-8 mapping file for font encoding PU
)
Package hyperref Info: Option `unicode' set `true' on input line 4073.
Package hyperref Info: Hyper figures OFF on input line 4192.
Package hyperref Info: Link nesting OFF on input line 4197.
Package hyperref Info: Hyper index ON on input line 4200.
Package hyperref Info: Plain pages OFF on input line 4207.
Package hyperref Info: Backreferencing OFF on input line 4212.
Package hyperref Info: Implicit mode ON; LaTeX internals redefined.
Package hyperref Info: Bookmarks ON on input line 4445.
\c@Hy@tempcnt=\count271
(c:/Users/ucbtds4/AppData/Roaming/TinyTeX/texmf-dist/tex/latex/url/url.sty
\Urlmuskip=\muskip17
Package: url 2013/09/16  ver 3.4  Verb mode for urls, etc.
)
LaTeX Info: Redefining \url on input line 4804.
\XeTeXLinkMargin=\dimen149

(c:/Users/ucbtds4/AppData/Roaming/TinyTeX/texmf-dist/tex/generic/bitset/bitset.
sty
Package: bitset 2019/12/09 v1.3 Handle bit-vector datatype (HO)

(c:/Users/ucbtds4/AppData/Roaming/TinyTeX/texmf-dist/tex/generic/bigintcalc/big
intcalc.sty
Package: bigintcalc 2019/12/15 v1.5 Expandable calculations on big integers (HO
)
))
\Fld@menulength=\count272
\Field@Width=\dimen150
\Fld@charsize=\dimen151
Package hyperref Info: Hyper figures OFF on input line 6076.
Package hyperref Info: Link nesting OFF on input line 6081.
Package hyperref Info: Hyper index ON on input line 6084.
Package hyperref Info: backreferencing OFF on input line 6091.
Package hyperref Info: Link coloring OFF on input line 6096.
Package hyperref Info: Link coloring with OCG OFF on input line 6101.
Package hyperref Info: PDF/A mode OFF on input line 6106.
LaTeX Info: Redefining \ref on input line 6146.
LaTeX Info: Redefining \pageref on input line 6150.

(c:/Users/ucbtds4/AppData/Roaming/TinyTeX/texmf-dist/tex/latex/base/atbegshi-lt
x.sty
Package: atbegshi-ltx 2021/01/10 v1.0c Emulation of the original atbegshi
package with kernel methods
)
\Hy@abspage=\count273
\c@Item=\count274
\c@Hfootnote=\count275
)
Package hyperref Info: Driver (autodetected): hpdftex.

(c:/Users/ucbtds4/AppData/Roaming/TinyTeX/texmf-dist/tex/latex/hyperref/hpdftex
.def
File: hpdftex.def 2021-06-07 v7.00m Hyperref driver for pdfTeX

(c:/Users/ucbtds4/AppData/Roaming/TinyTeX/texmf-dist/tex/latex/base/atveryend-l
tx.sty
Package: atveryend-ltx 2020/08/19 v1.0a Emulation of the original atvery packag
e
with kernel methods
)
\Fld@listcount=\count276
\c@bookmark@seq@number=\count277

(c:/Users/ucbtds4/AppData/Roaming/TinyTeX/texmf-dist/tex/latex/rerunfilecheck/r
erunfilecheck.sty
Package: rerunfilecheck 2019/12/05 v1.9 Rerun checks for auxiliary files (HO)

(c:/Users/ucbtds4/AppData/Roaming/TinyTeX/texmf-dist/tex/generic/uniquecounter/
uniquecounter.sty
Package: uniquecounter 2019/12/15 v1.4 Provide unlimited unique counter (HO)
)
Package uniquecounter Info: New unique counter `rerunfilecheck' on input line 2
86.
)
\Hy@SectionHShift=\skip52
)
(c:/Users/ucbtds4/AppData/Roaming/TinyTeX/texmf-dist/tex/latex/geometry/geometr
y.sty
Package: geometry 2020/01/02 v5.9 Page Geometry

(c:/Users/ucbtds4/AppData/Roaming/TinyTeX/texmf-dist/tex/generic/iftex/ifvtex.s
ty
Package: ifvtex 2019/10/25 v1.7 ifvtex legacy package. Use iftex instead.
)
\Gm@cnth=\count278
\Gm@cntv=\count279
\c@Gm@tempcnt=\count280
\Gm@bindingoffset=\dimen152
\Gm@wd@mp=\dimen153
\Gm@odd@mp=\dimen154
\Gm@even@mp=\dimen155
\Gm@layoutwidth=\dimen156
\Gm@layoutheight=\dimen157
\Gm@layouthoffset=\dimen158
\Gm@layoutvoffset=\dimen159
\Gm@dimlist=\toks24
)
(c:/Users/ucbtds4/AppData/Roaming/TinyTeX/texmf-dist/tex/latex/graphics/graphic
x.sty
Package: graphicx 2020/12/05 v1.2c Enhanced LaTeX Graphics (DPC,SPQR)

(c:/Users/ucbtds4/AppData/Roaming/TinyTeX/texmf-dist/tex/latex/graphics/graphic
s.sty
Package: graphics 2021/03/04 v1.4d Standard LaTeX Graphics (DPC,SPQR)

(c:/Users/ucbtds4/AppData/Roaming/TinyTeX/texmf-dist/tex/latex/graphics/trig.st
y
Package: trig 2016/01/03 v1.10 sin cos tan (DPC)
)
(c:/Users/ucbtds4/AppData/Roaming/TinyTeX/texmf-dist/tex/latex/graphics-cfg/gra
phics.cfg
File: graphics.cfg 2016/06/04 v1.11 sample graphics configuration
)
Package graphics Info: Driver file: pdftex.def on input line 107.
)
\Gin@req@height=\dimen160
\Gin@req@width=\dimen161
)
\cslhangindent=\skip53
\csllabelwidth=\skip54
\cslentryspacingunit=\skip55
(c:/Users/ucbtds4/AppData/Roaming/TinyTeX/texmf-dist/tex/latex/tools/calc.sty
Package: calc 2017/05/25 v4.3 Infix arithmetic (KKT,FJ)
\calc@Acount=\count281
\calc@Bcount=\count282
\calc@Adimen=\dimen162
\calc@Bdimen=\dimen163
\calc@Askip=\skip56
\calc@Bskip=\skip57
LaTeX Info: Redefining \setlength on input line 80.
LaTeX Info: Redefining \addtolength on input line 81.
\calc@Ccount=\count283
\calc@Cskip=\skip58
)
(c:/Users/ucbtds4/AppData/Roaming/TinyTeX/texmf-dist/tex/latex/multirow/multiro
w.sty
Package: multirow 2021/03/15 v2.8 Span multiple rows of a table
\multirow@colwidth=\skip59
\multirow@cntb=\count284
\multirow@dima=\skip60
\bigstrutjot=\dimen164
)
(c:/Users/ucbtds4/AppData/Roaming/TinyTeX/texmf-dist/tex/latex/tools/multicol.s
ty
Package: multicol 2019/12/09 v1.8y multicolumn formatting (FMi)
\c@tracingmulticols=\count285
\mult@box=\box52
\multicol@leftmargin=\dimen165
\c@unbalance=\count286
\c@collectmore=\count287
\doublecol@number=\count288
\multicoltolerance=\count289
\multicolpretolerance=\count290
\full@width=\dimen166
\page@free=\dimen167
\premulticols=\dimen168
\postmulticols=\dimen169
\multicolsep=\skip61
\multicolbaselineskip=\skip62
\partial@page=\box53
\last@line=\box54
\maxbalancingoverflow=\dimen170
\mult@rightbox=\box55
\mult@grightbox=\box56
\mult@gfirstbox=\box57
\mult@firstbox=\box58
\@tempa=\box59
\@tempa=\box60
\@tempa=\box61
\@tempa=\box62
\@tempa=\box63
\@tempa=\box64
\@tempa=\box65
\@tempa=\box66
\@tempa=\box67
\@tempa=\box68
\@tempa=\box69
\@tempa=\box70
\@tempa=\box71
\@tempa=\box72
\@tempa=\box73
\@tempa=\box74
\@tempa=\box75
\@tempa=\box76
\@tempa=\box77
\@tempa=\box78
\@tempa=\box79
\@tempa=\box80
\@tempa=\box81
\@tempa=\box82
\@tempa=\box83
\@tempa=\box84
\@tempa=\box85
\@tempa=\box86
\@tempa=\box87
\@tempa=\box88
\@tempa=\box89
\@tempa=\box90
\@tempa=\box91
\@tempa=\box92
\@tempa=\box93
\@tempa=\box94
\@tempa=\box95
\c@minrows=\count291
\c@columnbadness=\count292
\c@finalcolumnbadness=\count293
\last@try=\dimen171
\multicolovershoot=\dimen172
\multicolundershoot=\dimen173
\mult@nat@firstbox=\box96
\colbreak@box=\box97
\mc@col@check@num=\count294
)
(c:/Users/ucbtds4/AppData/Roaming/TinyTeX/texmf-dist/tex/latex/colortbl/colortb
l.sty
Package: colortbl 2020/01/04 v1.0e Color table columns (DPC)
(c:/Users/ucbtds4/AppData/Roaming/TinyTeX/texmf-dist/tex/latex/tools/array.sty
Package: array 2021/04/20 v2.5e Tabular extension package (FMi)
\col@sep=\dimen174
\ar@mcellbox=\box98
\extrarowheight=\dimen175
\NC@list=\toks25
\extratabsurround=\skip63
\backup@length=\skip64
\ar@cellbox=\box99
)
\everycr=\toks26
\minrowclearance=\skip65
)
(c:/Users/ucbtds4/AppData/Roaming/TinyTeX/texmf-dist/tex/latex/tools/hhline.sty
Package: hhline 2020/01/04 v2.04 Table rule package (DPC)
)
(c:/Users/ucbtds4/AppData/Roaming/TinyTeX/texmf-dist/tex/latex/tools/longtable.
sty
Package: longtable 2021-05-07 v4.16 Multi-page Table package (DPC)
\LTleft=\skip66
\LTright=\skip67
\LTpre=\skip68
\LTpost=\skip69
\LTchunksize=\count295
\LTcapwidth=\dimen176
\LT@head=\box100
\LT@firsthead=\box101
\LT@foot=\box102
\LT@lastfoot=\box103
\LT@gbox=\box104
\LT@cols=\count296
\LT@rows=\count297
\c@LT@tables=\count298
\c@LT@chunks=\count299
\LT@p@ftn=\toks27
)
(c:/Users/ucbtds4/AppData/Roaming/TinyTeX/texmf-dist/tex/latex/l3backend/l3back
end-pdftex.def
File: l3backend-pdftex.def 2021-08-04 L3 backend support: PDF output (pdfTeX)
\l__color_backend_stack_int=\count300
\l__pdf_internal_box=\box105
) (./manuscript_v2.aux)
\openout1 = `manuscript_v2.aux'.

LaTeX Font Info:    Checking defaults for OML/cmm/m/it on input line 101.
LaTeX Font Info:    ... okay on input line 101.
LaTeX Font Info:    Checking defaults for OMS/cmsy/m/n on input line 101.
LaTeX Font Info:    ... okay on input line 101.
LaTeX Font Info:    Checking defaults for OT1/cmr/m/n on input line 101.
LaTeX Font Info:    ... okay on input line 101.
LaTeX Font Info:    Checking defaults for T1/cmr/m/n on input line 101.
LaTeX Font Info:    ... okay on input line 101.
LaTeX Font Info:    Checking defaults for TS1/cmr/m/n on input line 101.
LaTeX Font Info:    ... okay on input line 101.
LaTeX Font Info:    Checking defaults for OMX/cmex/m/n on input line 101.
LaTeX Font Info:    ... okay on input line 101.
LaTeX Font Info:    Checking defaults for U/cmr/m/n on input line 101.
LaTeX Font Info:    ... okay on input line 101.
LaTeX Font Info:    Checking defaults for PD1/pdf/m/n on input line 101.
LaTeX Font Info:    ... okay on input line 101.
LaTeX Font Info:    Checking defaults for PU/pdf/m/n on input line 101.
LaTeX Font Info:    ... okay on input line 101.

(c:/Users/ucbtds4/AppData/Roaming/TinyTeX/texmf-dist/tex/latex/epstopdf-pkg/eps
topdf-base.sty
Package: epstopdf-base 2020-01-24 v2.11 Base part for package epstopdf
Package epstopdf-base Info: Redefining graphics rule for `.eps' on input line 4
85.

(c:/Users/ucbtds4/AppData/Roaming/TinyTeX/texmf-dist/tex/latex/latexconfig/epst
opdf-sys.cfg
File: epstopdf-sys.cfg 2010/07/13 v1.3 Configuration of (r)epstopdf for TeX Liv
e
))
Package hyperref Info: Link coloring OFF on input line 101.

(c:/Users/ucbtds4/AppData/Roaming/TinyTeX/texmf-dist/tex/latex/hyperref/nameref
.sty
Package: nameref 2021-04-02 v2.47 Cross-referencing by name of section

(c:/Users/ucbtds4/AppData/Roaming/TinyTeX/texmf-dist/tex/latex/refcount/refcoun
t.sty
Package: refcount 2019/12/15 v3.6 Data extraction from label references (HO)
)
(c:/Users/ucbtds4/AppData/Roaming/TinyTeX/texmf-dist/tex/generic/gettitlestring
/gettitlestring.sty
Package: gettitlestring 2019/12/15 v1.6 Cleanup title references (HO)
)
\c@section@level=\count301
)
LaTeX Info: Redefining \ref on input line 101.
LaTeX Info: Redefining \pageref on input line 101.
LaTeX Info: Redefining \nameref on input line 101.
(./manuscript_v2.out) (./manuscript_v2.out)
\@outlinefile=\write3
\openout3 = `manuscript_v2.out'.

*geometry* driver: auto-detecting
*geometry* detected driver: pdftex
*geometry* verbose mode - [ preamble ] result:
* driver: pdftex
* paper: <default>
* layout: <same size as paper>
* layoutoffset:(h,v)=(0.0pt,0.0pt)
* modes: 
* h-part:(L,W,R)=(72.26999pt, 469.75502pt, 72.26999pt)
* v-part:(T,H,B)=(72.26999pt, 650.43001pt, 72.26999pt)
* \paperwidth=614.295pt
* \paperheight=794.96999pt
* \textwidth=469.75502pt
* \textheight=650.43001pt
* \oddsidemargin=0.0pt
* \evensidemargin=0.0pt
* \topmargin=-37.0pt
* \headheight=12.0pt
* \headsep=25.0pt
* \topskip=10.0pt
* \footskip=30.0pt
* \marginparwidth=65.0pt
* \marginparsep=11.0pt
* \columnsep=10.0pt
* \skip\footins=9.0pt plus 4.0pt minus 2.0pt
* \hoffset=0.0pt
* \voffset=0.0pt
* \mag=1000
* \@twocolumnfalse
* \@twosidefalse
* \@mparswitchfalse
* \@reversemarginfalse
* (1in=72.27pt=25.4mm, 1cm=28.453pt)

LaTeX Font Info:    Trying to load font information for OT1+lmr on input line 1
03.
(c:/Users/ucbtds4/AppData/Roaming/TinyTeX/texmf-dist/tex/latex/lm/ot1lmr.fd
File: ot1lmr.fd 2015/05/01 v1.6.1 Font defs for Latin Modern
)
LaTeX Font Info:    Trying to load font information for OML+lmm on input line 1
03.
(c:/Users/ucbtds4/AppData/Roaming/TinyTeX/texmf-dist/tex/latex/lm/omllmm.fd
File: omllmm.fd 2015/05/01 v1.6.1 Font defs for Latin Modern
)
LaTeX Font Info:    Trying to load font information for OMS+lmsy on input line 
103.
(c:/Users/ucbtds4/AppData/Roaming/TinyTeX/texmf-dist/tex/latex/lm/omslmsy.fd
File: omslmsy.fd 2015/05/01 v1.6.1 Font defs for Latin Modern
)
LaTeX Font Info:    Trying to load font information for OMX+lmex on input line 
103.
(c:/Users/ucbtds4/AppData/Roaming/TinyTeX/texmf-dist/tex/latex/lm/omxlmex.fd
File: omxlmex.fd 2015/05/01 v1.6.1 Font defs for Latin Modern
)
LaTeX Font Info:    External font `lmex10' loaded for size
(Font)              <12> on input line 103.
LaTeX Font Info:    External font `lmex10' loaded for size
(Font)              <8> on input line 103.
LaTeX Font Info:    External font `lmex10' loaded for size
(Font)              <6> on input line 103.
LaTeX Font Info:    Trying to load font information for U+msa on input line 103
.

(c:/Users/ucbtds4/AppData/Roaming/TinyTeX/texmf-dist/tex/latex/amsfonts/umsa.fd
File: umsa.fd 2013/01/14 v3.01 AMS symbols A
)
LaTeX Font Info:    Trying to load font information for U+msb on input line 103
.

(c:/Users/ucbtds4/AppData/Roaming/TinyTeX/texmf-dist/tex/latex/amsfonts/umsb.fd
File: umsb.fd 2013/01/14 v3.01 AMS symbols B
) (./manuscript_v2.toc
LaTeX Font Info:    External font `lmex10' loaded for size
(Font)              <10> on input line 4.
LaTeX Font Info:    External font `lmex10' loaded for size
(Font)              <7> on input line 4.
LaTeX Font Info:    External font `lmex10' loaded for size
(Font)              <5> on input line 4.
[1

{c:/Users/ucbtds4/AppData/Roaming/TinyTeX/texmf-var/fonts/map/pdftex/updmap/pdf
tex.map}])
\tf@toc=\write4
\openout4 = `manuscript_v2.toc'.

[2] [3] [4]
<../figures/Fig_1_Panel_A.png, id=175, 722.7pt x 578.16pt>
File: ../figures/Fig_1_Panel_A.png Graphic file (type png)
<use ../figures/Fig_1_Panel_A.png>
Package pdftex.def Info: ../figures/Fig_1_Panel_A.png  used on input line 396.
(pdftex.def)             Requested size: 469.76045pt x 375.80836pt.
[5] [6 <../figures/Fig_1_Panel_A.png>]
<../figures/Figure_2.png, id=196, 3613.5pt x 3011.25pt>
File: ../figures/Figure_2.png Graphic file (type png)
<use ../figures/Figure_2.png>
Package pdftex.def Info: ../figures/Figure_2.png  used on input line 439.
(pdftex.def)             Requested size: 469.71635pt x 391.4303pt.
[7 <../figures/Figure_2.png>]
<../figures/Figure_3.png, id=205, 1228.59pt x 722.7pt>
File: ../figures/Figure_3.png Graphic file (type png)
<use ../figures/Figure_3.png>
Package pdftex.def Info: ../figures/Figure_3.png  used on input line 465.
(pdftex.def)             Requested size: 469.75606pt x 276.32709pt.
[8 <../figures/Figure_3.png>]
<../figures/Figure_4.png, id=213, 1011.78pt x 1300.86pt>
File: ../figures/Figure_4.png Graphic file (type png)
<use ../figures/Figure_4.png>
Package pdftex.def Info: ../figures/Figure_4.png  used on input line 512.
(pdftex.def)             Requested size: 469.76266pt x 603.98058pt.

LaTeX Warning: Float too large for page by 26.05057pt on input line 521.

<../figures/Figure_5_combined.png, id=214, 7227.0pt x 3613.5pt>
File: ../figures/Figure_5_combined.png Graphic file (type png)
<use ../figures/Figure_5_combined.png>
Package pdftex.def Info: ../figures/Figure_5_combined.png  used on input line 5
85.
(pdftex.def)             Requested size: 469.66122pt x 234.83061pt.
[9] [10 <../figures/Figure_4.png>]
<../figures/Figure_6.png, id=227, 1011.78pt x 867.24pt>
File: ../figures/Figure_6.png Graphic file (type png)
<use ../figures/Figure_6.png>
Package pdftex.def Info: ../figures/Figure_6.png  used on input line 627.
(pdftex.def)             Requested size: 469.76266pt x 402.65372pt.
[11 <../figures/Figure_5_combined.png>] [12 <../figures/Figure_6.png>] [13]
Overfull \hbox (25.17732pt too wide) in paragraph at lines 807--807
[]|[]\T1/lmr/m/n/8 tm_1974_sierraleone[]|  
 []


Overfull \hbox (112.83183pt too wide) in paragraph at lines 807--807
[]|[][]\T1/lmr/m/n/8 https://doi.org/10.1126/science.185.4147.263[][]|  
 []


Overfull \hbox (10.01134pt too wide) in paragraph at lines 813--813
[]|[]\T1/lmr/m/n/8 dh_1974_nigeria[]|  
 []


Overfull \hbox (112.9608pt too wide) in paragraph at lines 813--813
[]|[][]\T1/lmr/m/n/8 https://www.researchgate.net/profile/David- 
 []


Overfull \hbox (740.9861pt too wide) in paragraph at lines 813--813
\T1/lmr/m/n/8 Happold/publication/329465563_The_small_Rodents_of_the_forest_sav
anna_farmland_association_near_Ibadan_Nigeria_with_observations_on_reproduction
_biology/links/5c09ebd0299bf139c7446f63/The- 
 []


Overfull \hbox (11.1919pt too wide) in paragraph at lines 819--819
[]|[]\T1/lmr/m/n/8 hw_1975_nigeria[]|  
 []


Overfull \hbox (166.53606pt too wide) in paragraph at lines 819--819
[]|[][]\T1/lmr/m/n/8 https://www.ncbi.nlm.nih.gov/pmc/articles/PMC2366652/[][]|
  
 []


Overfull \hbox (9.77544pt too wide) in paragraph at lines 825--825
[]|[]\T1/lmr/m/n/8 mc_1975_liberia[]|  
 []


Overfull \hbox (115.14499pt too wide) in paragraph at lines 825--825
[]|[][]\T1/lmr/m/n/8 https://doi.org/10.1515/mamm.1975.39.4.523[][]|  
 []


Overfull \hbox (3.67642pt too wide) in paragraph at lines 831--831
[]|[]\T1/lmr/m/n/8 sj_1977_ghana[]|  
 []


Overfull \hbox (67.44986pt too wide) in paragraph at lines 831--831
[]|[][]\T1/lmr/m/n/8 https://doi.org/10.2307/2402806[][]|  
 []


Overfull \hbox (10.01134pt too wide) in paragraph at lines 837--837
[]|[]\T1/lmr/m/n/8 dh_1977_nigeria[]|  
 []


Overfull \hbox (72.11887pt too wide) in paragraph at lines 837--837
[]|[][]\T1/lmr/m/n/8 http://hdl.handle.net/2042/58304[][]|  
 []


Overfull \hbox (9.34358pt too wide) in paragraph at lines 843--843
[]|[]\T1/lmr/m/n/8 jd_1979_senegal[]|  
 []


Overfull \hbox (127.42218pt too wide) in paragraph at lines 843--843
[]|[][]\T1/lmr/m/n/8 https://doi.org/10.1080/00034983.1979.11687282[][]|  
 []


Overfull \hbox (9.539pt too wide) in paragraph at lines 849--849
[]|[]\T1/lmr/m/n/8 ad_1982_nigeria[]|  
 []


Overfull \hbox (107.58356pt too wide) in paragraph at lines 849--849
[]|[][]\T1/lmr/m/n/8 https://pubmed.ncbi.nlm.nih.gov/7043824/[][]|  
 []


Overfull \hbox (21.87866pt too wide) in paragraph at lines 855--855
[]|[]\T1/lmr/m/n/8 cr_1983_sierraleone[]|  
 []


Overfull \hbox (105.2282pt too wide) in paragraph at lines 855--855
[]|[][]\T1/lmr/m/n/8 https://doi.org/10.4269/ajtmh.1983.32.624[][]|  
 []


Overfull \hbox (24.4689pt too wide) in paragraph at lines 861--861
[]|[]\T1/lmr/m/n/8 jm_1987_sierraleone[]|  
 []


Overfull \hbox (96.53941pt too wide) in paragraph at lines 861--861
[]|[][]\T1/lmr/m/n/8 https://doi.org/10.1093/infdis/155.3.437[][]|  
 []


Overfull \hbox (5.52507pt too wide) in paragraph at lines 867--867
[]|[]\T1/lmr/m/n/8 ji_1988_nigeria[]|  
 []


Overfull \hbox (62.4916pt too wide) in paragraph at lines 867--867
[]|[][]\T1/lmr/m/n/8 https://doi.org/10.1111/j.1365- 
 []


Overfull \hbox (20.64497pt too wide) in paragraph at lines 867--867
\T1/lmr/m/n/8 2028.1988.tb00970.x[][]|  
 []


Overfull \hbox (7.92691pt too wide) in paragraph at lines 873--873
[]|[]\T1/lmr/m/n/8 jt_1991_senegal[]|  
 []


Overfull \hbox (57.53319pt too wide) in paragraph at lines 873--873
[]|[][]\T1/lmr/m/n/8 https://doi.org/10.1016/0140- 
 []


Overfull \hbox (1.99216pt too wide) in paragraph at lines 873--873
\T1/lmr/m/n/8 6736(91)93404- 
 []


Overfull \hbox (26.594pt too wide) in paragraph at lines 879--879
[]|[]\T1/lmr/m/n/8 bm_1992_sierraleone[]|  
 []


Overfull \hbox (121.5182pt too wide) in paragraph at lines 879--879
[]|[][]\T1/lmr/m/n/8 https://apps.dtic.mil/sti/citations/ADA279136[][]|  
 []


Overfull \hbox (8.63516pt too wide) in paragraph at lines 885--885
[]|[]\T1/lmr/m/n/8 lg_1993_senegal[]|  
 []


Overfull \hbox (123.18806pt too wide) in paragraph at lines 885--885
[]|[][]\T1/lmr/m/n/8 https://rcin.org.pl/dlibra/doccontent?id=12166[][]|  
 []


Overfull \hbox (10.99634pt too wide) in paragraph at lines 891--891
[]|[]\T1/lmr/m/n/8 bg_1994_senegal[]|  
 []


Overfull \hbox (105.2282pt too wide) in paragraph at lines 891--891
[]|[][]\T1/lmr/m/n/8 https://doi.org/10.4269/ajtmh.1994.50.165[][]|  
 []


Overfull \hbox (10.99634pt too wide) in paragraph at lines 897--897
[]|[]\T1/lmr/m/n/8 gd_1994_senegal[]|  
 []


Overfull \hbox (57.53319pt too wide) in paragraph at lines 897--897
[]|[][]\T1/lmr/m/n/8 https://doi.org/10.1016/0035- 
 []


Overfull \hbox (1.99216pt too wide) in paragraph at lines 897--897
\T1/lmr/m/n/8 9203(94)90412- 
 []


Overfull \hbox (6.70583pt too wide) in paragraph at lines 903--903
[]|[]\T1/lmr/m/n/8 ei_1995_nigeria[]|  
 []


Overfull \hbox (57.53319pt too wide) in paragraph at lines 903--903
[]|[][]\T1/lmr/m/n/8 https://doi.org/10.1016/0035- 
 []


Overfull \hbox (1.99216pt too wide) in paragraph at lines 903--903
\T1/lmr/m/n/8 9203(95)90642- 
 []


Overfull \hbox (11.42816pt too wide) in paragraph at lines 909--909
[]|[]\T1/lmr/m/n/8 cm_1997_nigeria[]|  
 []


Overfull \hbox (112.5392pt too wide) in paragraph at lines 909--909
[]|[][]\T1/lmr/m/n/8 https://doi.org/10.1017/S0022149X00015947[][]|  
 []


Overfull \hbox (3.39316pt too wide) in paragraph at lines 915--915
[]|[]\T1/lmr/m/n/8 hm_1999_mali[]|  
 []


Overfull \hbox (497.36008pt too wide) in paragraph at lines 915--915
[]|[][]\T1/lmr/m/n/8 https://www.researchgate.net/publication/263275127_Notes_o
n_the_mammal_fauna_of_the_southern_part_of_the_Republic_of_Mali_West- 
 []


Overfull \hbox (5.04576pt too wide) in paragraph at lines 921--921
[]|[]\T1/lmr/m/n/8 jd_1999_ghana[]|  
 []


Overfull \hbox (62.4916pt too wide) in paragraph at lines 921--921
[]|[][]\T1/lmr/m/n/8 https://doi.org/10.1111/j.1469- 
 []


Overfull \hbox (20.64497pt too wide) in paragraph at lines 921--921
\T1/lmr/m/n/8 7998.1999.tb01002.x[][]|  
 []


Overfull \hbox (9.34358pt too wide) in paragraph at lines 927--927
[]|[]\T1/lmr/m/n/8 jd_2000_senegal[]|  
 []


Overfull \hbox (112.5392pt too wide) in paragraph at lines 927--927
[]|[][]\T1/lmr/m/n/8 https://doi.org/10.1017/S0022149X00000172[][]|  
 []


Overfull \hbox (23.7605pt too wide) in paragraph at lines 933--933
[]|[]\T1/lmr/m/n/8 ab_2000_sierraleone[]|  
 []


Overfull \hbox (176.1055pt too wide) in paragraph at lines 933--933
[]|[][]\T1/lmr/m/n/8 http://www.tropecol.com/pdf/open/PDF_41_2/kp41201.pdf[][]|
  
 []


Overfull \hbox (3.63593pt too wide) in paragraph at lines 939--939
[]|[]\T1/lmr/m/n/8 jr_2000_ghana[]|  
 []


Overfull \hbox (136.39417pt too wide) in paragraph at lines 939--939
[]|[][]\T1/lmr/m/n/8 http://link.springer.com/10.1023/A:1008964000018[][]|  
 []


Overfull \hbox (8.58768pt too wide) in paragraph at lines 945--945
[]|[]\T1/lmr/m/n/8 ad_2001_guinea[]|  
 []


Overfull \hbox (109.94986pt too wide) in paragraph at lines 945--945
[]|[][]\T1/lmr/m/n/8 https://doi.org/10.1089/15303660160025912[][]|  
 []


Overfull \hbox (25.35849pt too wide) in paragraph at lines 951--951
[]|[]\T1/lmr/m/n/8 kb_2001_mauritania[]|  
 []


Overfull \hbox (99.5769pt too wide) in paragraph at lines 951--951
[]|[][]\T1/lmr/m/n/8 https://horizon.documentation.ird.fr/exl- 
 []


Overfull \hbox (50.06546pt too wide) in paragraph at lines 951--951
\T1/lmr/m/n/8 doc/pleins_textes/divers09- 
 []


Overfull \hbox (11.43669pt too wide) in paragraph at lines 951--951
\T1/lmr/m/n/8 03/010028452.pdf[][]|  
 []


Overfull \hbox (2.92784pt too wide) in paragraph at lines 957--957
[]|[]\T1/lmr/m/n/8 gd_2002_niger[]|  
 []


Overfull \hbox (115.14499pt too wide) in paragraph at lines 957--957
[]|[][]\T1/lmr/m/n/8 https://doi.org/10.1515/mamm.2002.66.4.495[][]|  
 []


Overfull \hbox (22.76132pt too wide) in paragraph at lines 963--963
[]|[]\T1/lmr/m/n/8 lg_2002_mauritania[]|  
 []


Overfull \hbox (62.4916pt too wide) in paragraph at lines 963--963
[]|[][]\T1/lmr/m/n/8 https://doi.org/10.1046/j.0141- 
 []


Overfull \hbox (12.61697pt too wide) in paragraph at lines 963--963
\T1/lmr/m/n/8 6707.2001.00353.x[][]|  
 []


Overfull \hbox (12.60187pt too wide) in paragraph at lines 969--969
[]|[]\T1/lmr/m/n/8 lg_2003_multiple[]|  
 []


Overfull \hbox (62.4916pt too wide) in paragraph at lines 969--969
[]|[][]\T1/lmr/m/n/8 https://doi.org/10.1046/j.1365- 
 []


Overfull \hbox (12.61697pt too wide) in paragraph at lines 969--969
\T1/lmr/m/n/8 2907.2003.00007.x[][]|  
 []


Overfull \hbox (6.69852pt too wide) in paragraph at lines 975--975
[]|[]\T1/lmr/m/n/8 da_2003_ghana[]|  
 []


Overfull \hbox (166.61903pt too wide) in paragraph at lines 975--975
[]|[][]\T1/lmr/m/n/8 https://www.ajol.info/index.php/wajae/article/view/45582[]
[]|  
 []


Overfull \hbox (62.4916pt too wide) in paragraph at lines 981--981
[]|[][]\T1/lmr/m/n/8 https://doi.org/10.1046/j.0305- 
 []


Overfull \hbox (12.61697pt too wide) in paragraph at lines 981--981
\T1/lmr/m/n/8 0270.2003.00999.x[][]|  
 []


Overfull \hbox (6.93492pt too wide) in paragraph at lines 987--987
[]|[]\T1/lmr/m/n/8 jd_2004_guinea[]|  
 []


Overfull \hbox (88.47925pt too wide) in paragraph at lines 987--987
[]|[][]\T1/lmr/m/n/8 https://www.worldcat.org/title/rapid- 
 []


Overfull \hbox (26.3126pt too wide) in paragraph at lines 987--987
\T1/lmr/m/n/8 guinee/oclc/56130433[][]|  
 []


Overfull \hbox (20.2587pt too wide) in paragraph at lines 993--993
[]|[]\T1/lmr/m/n/8 sc_2004_ivorycoast[]|  
 []


Overfull \hbox (83.26135pt too wide) in paragraph at lines 993--993
[]|[][]\T1/lmr/m/n/8 https://doi.org/10.1007/BF03192504[][]|  
 []


Overfull \hbox (5.99059pt too wide) in paragraph at lines 999--999
[]|[]\T1/lmr/m/n/8 fc_2005_guinea[]|  
 []


Overfull \hbox (229.89922pt too wide) in paragraph at lines 999--999
[]|[][]\T1/lmr/m/n/8 https://biblio.naturalsciences.be/associated_publications/
bjz/bibliographic- 
 []


Overfull \hbox (67.19643pt too wide) in paragraph at lines 999--999
\T1/lmr/m/n/8 references/ISI_000203706900011[][]|  
 []


Overfull \hbox (6.69852pt too wide) in paragraph at lines 1005--1005
[]|[]\T1/lmr/m/n/8 da_2005_ghana[]|  
 []


Overfull \hbox (93.70569pt too wide) in paragraph at lines 1005--1005
[]|[][]\T1/lmr/m/n/8 https://doi.org/10.4314/gjs.v45i1.15906[][]|  
 []


Overfull \hbox (10.24744pt too wide) in paragraph at lines 1011--1011
[]|[]\T1/lmr/m/n/8 am_2005_liberia[]|  
 []


Overfull \hbox (53.28319pt too wide) in paragraph at lines 1011--1011
[]|[][]\T1/lmr/m/n/8 https://doi.org/10.1896/978- 
 []


Overfull \hbox (5.04576pt too wide) in paragraph at lines 1017--1017
[]|[]\T1/lmr/m/n/8 jd_2005_ghana[]|  
 []


Overfull \hbox (42.6996pt too wide) in paragraph at lines 1017--1017
[]|[][]\T1/lmr/m/n/8 https://www.nhbs.com/a- 
 []


Overfull \hbox (57.53319pt too wide) in paragraph at lines 1023--1023
[]|[][]\T1/lmr/m/n/8 https://doi.org/10.1644/1545- 
 []


Overfull \hbox (86.38179pt too wide) in paragraph at lines 1023--1023
\T1/lmr/m/n/8 1542(2005)86[997:PDOTMR]2.0.CO;2[][]|  
 []


Overfull \hbox (7.41391pt too wide) in paragraph at lines 1029--1029
[]|[]\T1/lmr/m/n/8 fa_2005_nigeria[]|  
 []


Overfull \hbox (110.4222pt too wide) in paragraph at lines 1029--1029
[]|[][]\T1/lmr/m/n/8 https://doi.org/10.1017/S0952836904005977[][]|  
 []


Overfull \hbox (7.65018pt too wide) in paragraph at lines 1035--1035
[]|[]\T1/lmr/m/n/8 rn_2006_guinea[]|  
 []


Overfull \hbox (178.95119pt too wide) in paragraph at lines 1035--1035
[]|[][]\T1/lmr/m/n/8 http://catalog.hathitrust.org/api/volumes/oclc/76905467.ht
ml[][]|  
 []


Overfull \hbox (8.35141pt too wide) in paragraph at lines 1041--1041
[]|[]\T1/lmr/m/n/8 nw_2006_ghana[]|  
 []


Overfull \hbox (25.13098pt too wide) in paragraph at lines 1041--1041
[]|[]\T1/lmr/m/n/8 10.1896/054.047.0116[]|  
 []


Overfull \hbox (7.17085pt too wide) in paragraph at lines 1047--1047
[]|[]\T1/lmr/m/n/8 pb_2006_ghana[]|  
 []


Overfull \hbox (84.92218pt too wide) in paragraph at lines 1047--1047
[]|[][]\T1/lmr/m/n/8 https://doi.org/10.1896/054.050.0114[][]|  
 []


Overfull \hbox (4.80983pt too wide) in paragraph at lines 1053--1053
[]|[]\T1/lmr/m/n/8 jf_2007_guinea[]|  
 []


Overfull \hbox (89.40851pt too wide) in paragraph at lines 1053--1053
[]|[][]\T1/lmr/m/n/8 https://doi.org/10.1089/vbz.2006.0581[][]|  
 []


Overfull \hbox (9.06667pt too wide) in paragraph at lines 1059--1059
[]|[]\T1/lmr/m/n/8 ao_2008_nigeria[]|  
 []


Overfull \hbox (65.13618pt too wide) in paragraph at lines 1059--1059
[]|[][]\T1/lmr/m/n/8 https://doi.org/10.1007/s10531- 
 []


Overfull \hbox (6.69852pt too wide) in paragraph at lines 1065--1065
[]|[]\T1/lmr/m/n/8 da_2008_ghana[]|  
 []


Overfull \hbox (93.70569pt too wide) in paragraph at lines 1065--1065
[]|[][]\T1/lmr/m/n/8 https://doi.org/10.4314/gjs.v48i1.56252[][]|  
 []


Overfull \hbox (5.28868pt too wide) in paragraph at lines 1071--1071
[]|[]\T1/lmr/m/n/8 gr_2008_ghana[]|  
 []


Overfull \hbox (127.8892pt too wide) in paragraph at lines 1071--1071
[]|[][]\T1/lmr/m/n/8 http://ugspace.ug.edu.gh/handle/123456789/972[][]|  
 []


Overfull \hbox (110.4222pt too wide) in paragraph at lines 1077--1077
[]|[][]\T1/lmr/m/n/8 https://doi.org/10.1017/S0266467408005105[][]|  
 []


Overfull \hbox (5.99059pt too wide) in paragraph at lines 1083--1083
[]|[]\T1/lmr/m/n/8 fc_2009_guinea[]|  
 []


Overfull \hbox (53.46626pt too wide) in paragraph at lines 1083--1083
[]|[][]\T1/lmr/m/n/8 http://www.vliz.be/nl/open- 
 []


Overfull \hbox (73.32008pt too wide) in paragraph at lines 1083--1083
\T1/lmr/m/n/8 archief?module=ref&refid=204614[][]|  
 []


Overfull \hbox (8.11568pt too wide) in paragraph at lines 1089--1089
[]|[]\T1/lmr/m/n/8 cd_2009_guinea[]|  
 []


Overfull \hbox (109.94986pt too wide) in paragraph at lines 1089--1089
[]|[][]\T1/lmr/m/n/8 https://doi.org/10.1080/11250000802616817[][]|  
 []


Overfull \hbox (7.65016pt too wide) in paragraph at lines 1095--1095
[]|[]\T1/lmr/m/n/8 in_2009_nigeria[]|  
 []


Overfull \hbox (88.943pt too wide) in paragraph at lines 1095--1095
[]|[][]\T1/lmr/m/n/8 https://doi.org/10.4314/ari.v6i3.55986[][]|  
 []


Overfull \hbox (5.99059pt too wide) in paragraph at lines 1101--1101
[]|[]\T1/lmr/m/n/8 fc_2010_guinea[]|  
 []


Overfull \hbox (150.33336pt too wide) in paragraph at lines 1101--1101
[]|[][]\T1/lmr/m/n/8 http://onlinelibrary.wiley.com/doi/abs/10.1111/j.1365- 
 []


Overfull \hbox (12.61697pt too wide) in paragraph at lines 1101--1101
\T1/lmr/m/n/8 2028.2009.01144.x[][]|  
 []


Overfull \hbox (2.92784pt too wide) in paragraph at lines 1107--1107
[]|[]\T1/lmr/m/n/8 gd_2010_niger[]|  
 []


Overfull \hbox (129.55507pt too wide) in paragraph at lines 1107--1107
[]|[][]\T1/lmr/m/n/8 https://doi.org/10.1016/j.actatropica.2010.11.004[][]|  
 []


Overfull \hbox (8.6895pt too wide) in paragraph at lines 1113--1113
[]|[]\T1/lmr/m/n/8 rs_2010_senegal[]|  
 []


Overfull \hbox (52.98169pt too wide) in paragraph at lines 1113--1113
[]|[][]\T1/lmr/m/n/8 https://doi.org/10.1645/GE- 
 []


Overfull \hbox (8.12218pt too wide) in paragraph at lines 1119--1119
[]|[]\T1/lmr/m/n/8 mr_2010_ghana[]|  
 []


Overfull \hbox (92.95036pt too wide) in paragraph at lines 1119--1119
[]|[][]\T1/lmr/m/n/8 https://doi.org/10.4269/ajtmh.2010.09- 
 []


Overfull \hbox (22.10774pt too wide) in paragraph at lines 1125--1125
[]|[]\T1/lmr/m/n/8 jd_2010_sierraleone[]|  
 []


Overfull \hbox (101.88966pt too wide) in paragraph at lines 1125--1125
[]|[][]\T1/lmr/m/n/8 https://doi.org/10.1515/MAMM.2010.026[][]|  
 []


Overfull \hbox (3.15729pt too wide) in paragraph at lines 1131--1131
[]|[]\T1/lmr/m/n/8 ld_2010_benin[]|  
 []


Overfull \hbox (84.07535pt too wide) in paragraph at lines 1131--1131
[]|[][]\T1/lmr/m/n/8 https://doi.org/10.1128/AEM.00199- 
 []


Overfull \hbox (14.0187pt too wide) in paragraph at lines 1137--1137
[]|[]\T1/lmr/m/n/8 eo_2010_multiple[]|  
 []


Overfull \hbox (101.26245pt too wide) in paragraph at lines 1137--1137
[]|[][]\T1/lmr/m/n/8 http://www.insipub.com/rjabs/2010/144- 
 []


Overfull \hbox (93.42252pt too wide) in paragraph at lines 1143--1143
[]|[][]\T1/lmr/m/n/8 https://doi.org/10.3201/eid1607.100146[][]|  
 []


Overfull \hbox (5.28212pt too wide) in paragraph at lines 1149--1149
[]|[]\T1/lmr/m/n/8 vn_2010_benin[]|  
 []


Overfull \hbox (62.4916pt too wide) in paragraph at lines 1149--1149
[]|[][]\T1/lmr/m/n/8 https://doi.org/10.1111/j.1365- 
 []


Overfull \hbox (12.61697pt too wide) in paragraph at lines 1149--1149
\T1/lmr/m/n/8 2028.2010.01221.x[][]|  
 []


Overfull \hbox (10.76pt too wide) in paragraph at lines 1155--1155
[]|[]\T1/lmr/m/n/8 ak_2010_senegal[]|  
 []


Overfull \hbox (29.85464pt too wide) in paragraph at lines 1155--1155
[]|[][]\T1/lmr/m/n/8 http://www.blackwell- 
 []


Overfull \hbox (19.28331pt too wide) in paragraph at lines 1155--1155
\T1/lmr/m/n/8 synergy.com/loi/aje[][]|  
 []


Overfull \hbox (12.17705pt too wide) in paragraph at lines 1161--1161
[]|[]\T1/lmr/m/n/8 mt_2011_senegal[]|  
 []


Overfull \hbox (117.9852pt too wide) in paragraph at lines 1161--1161
[]|[][]\T1/lmr/m/n/8 https://doi.org/10.1016/j.jaridenv.2011.04.029[][]|  
 []


Overfull \hbox (15.19904pt too wide) in paragraph at lines 1167--1167
[]|[]\T1/lmr/m/n/8 kh_2011_multiple[]|  
 []


Overfull \hbox (62.4916pt too wide) in paragraph at lines 1167--1167
[]|[][]\T1/lmr/m/n/8 https://doi.org/10.1111/j.1469- 
 []


Overfull \hbox (12.61697pt too wide) in paragraph at lines 1167--1167
\T1/lmr/m/n/8 7998.2011.00803.x[][]|  
 []


Overfull \hbox (117.50612pt too wide) in paragraph at lines 1173--1173
[]|[][]\T1/lmr/m/n/8 https://doi.org/10.1016/j.mambio.2011.06.003[][]|  
 []


Overfull \hbox (24.17854pt too wide) in paragraph at lines 1179--1179
[]|[]\T1/lmr/m/n/8 dc_2011_cotedivoire[]|  
 []


Overfull \hbox (116.09654pt too wide) in paragraph at lines 1179--1179
[]|[][]\T1/lmr/m/n/8 https://doi.org/10.1371/journal.pone.0020893[][]|  
 []


Overfull \hbox (11.23233pt too wide) in paragraph at lines 1185--1185
[]|[]\T1/lmr/m/n/8 kb_2012_senegal[]|  
 []


Overfull \hbox (72.17238pt too wide) in paragraph at lines 1185--1185
[]|[][]\T1/lmr/m/n/8 https://doi.org/10.1111/aje.12055[][]|  
 []


Overfull \hbox (115.62431pt too wide) in paragraph at lines 1191--1191
[]|[][]\T1/lmr/m/n/8 https://doi.org/10.1371/journal.pntd.0001924[][]|  
 []


Overfull \hbox (8.11568pt too wide) in paragraph at lines 1197--1197
[]|[]\T1/lmr/m/n/8 cd_2012_guinea[]|  
 []


Overfull \hbox (79.256pt too wide) in paragraph at lines 1197--1197
[]|[][]\T1/lmr/m/n/8 https://doi.org/10.1515/mammalia- 
 []


Overfull \hbox (8.16316pt too wide) in paragraph at lines 1203--1203
[]|[]\T1/lmr/m/n/8 lc_2012_senegal[]|  
 []


Overfull \hbox (107.82541pt too wide) in paragraph at lines 1203--1203
[]|[][]\T1/lmr/m/n/8 https://doi.org/10.1016/j.actao.2012.01.002[][]|  
 []


Overfull \hbox (8.59467pt too wide) in paragraph at lines 1209--1209
[]|[]\T1/lmr/m/n/8 ae_2012_nigeria[]|  
 []


Overfull \hbox (11.89362pt too wide) in paragraph at lines 1215--1215
[]|[]\T1/lmr/m/n/8 jt_2013_multiple[]|  
 []


Overfull \hbox (116.09654pt too wide) in paragraph at lines 1215--1215
[]|[][]\T1/lmr/m/n/8 https://doi.org/10.1371/journal.pone.0078473[][]|  
 []


Overfull \hbox (10.76pt too wide) in paragraph at lines 1221--1221
[]|[]\T1/lmr/m/n/8 ak_2013_senegal[]|  
 []


Overfull \hbox (75.95052pt too wide) in paragraph at lines 1221--1221
[]|[][]\T1/lmr/m/n/8 https://doi.org/10.1111/mec.12112[][]|  
 []


Overfull \hbox (7.6499pt too wide) in paragraph at lines 1227--1227
[]|[]\T1/lmr/m/n/8 jk_2013_nigeria[]|  
 []


Overfull \hbox (251.9008pt too wide) in paragraph at lines 1227--1227
[]|[][]\T1/lmr/m/n/8 http://www.plosntds.org/article/info%3Adoi%2F10.1371%2Fjou
rnal.pntd.0002246[][]|  
 []


Overfull \hbox (24.88654pt too wide) in paragraph at lines 1233--1233
[]|[]\T1/lmr/m/n/8 bk_2013_cotedivoire[]|  
 []


Overfull \hbox (79.256pt too wide) in paragraph at lines 1233--1233
[]|[][]\T1/lmr/m/n/8 https://doi.org/10.1515/mammalia- 
 []


Overfull \hbox (6.69817pt too wide) in paragraph at lines 1239--1239
[]|[]\T1/lmr/m/n/8 kk_2013_ghana[]|  
 []


Overfull \hbox (93.42252pt too wide) in paragraph at lines 1239--1239
[]|[][]\T1/lmr/m/n/8 https://doi.org/10.3201/eid1911.121491[][]|  
 []


Overfull \hbox (5.04613pt too wide) in paragraph at lines 1245--1245
[]|[]\T1/lmr/m/n/8 gh_2013_benin[]|  
 []


Overfull \hbox (84.44986pt too wide) in paragraph at lines 1245--1245
[]|[][]\T1/lmr/m/n/8 https://doi.org/10.5402/2013/502638[][]|  
 []


Overfull \hbox (5.28868pt too wide) in paragraph at lines 1251--1251
[]|[]\T1/lmr/m/n/8 rg_2013_ghana[]|  
 []


Overfull \hbox (118.8682pt too wide) in paragraph at lines 1251--1251
[]|[][]\T1/lmr/m/n/8 http://197.255.68.203/handle/123456789/6304[][]|  
 []


Overfull \hbox (5.289pt too wide) in paragraph at lines 1257--1257
[]|[]\T1/lmr/m/n/8 mg_2014_niger[]|  
 []


Overfull \hbox (116.09654pt too wide) in paragraph at lines 1257--1257
[]|[][]\T1/lmr/m/n/8 https://doi.org/10.1371/journal.pone.0110666[][]|  
 []


Overfull \hbox (6.93463pt too wide) in paragraph at lines 1263--1263
[]|[]\T1/lmr/m/n/8 bo_2014_ghana[]|  
 []


Overfull \hbox (118.8682pt too wide) in paragraph at lines 1263--1263
[]|[][]\T1/lmr/m/n/8 http://197.255.68.203/handle/123456789/6306[][]|  
 []


Overfull \hbox (20.45499pt too wide) in paragraph at lines 1269--1269
[]|[]\T1/lmr/m/n/8 tl_2015_sierraleone[]|  
 []


Overfull \hbox (93.42252pt too wide) in paragraph at lines 1269--1269
[]|[][]\T1/lmr/m/n/8 https://doi.org/10.3201/eid2104.141469[][]|  
 []


Overfull \hbox (14.96304pt too wide) in paragraph at lines 1275--1275
[]|[]\T1/lmr/m/n/8 gd_2015_multiple[]|  
 []


Overfull \hbox (129.55507pt too wide) in paragraph at lines 1275--1275
[]|[][]\T1/lmr/m/n/8 https://doi.org/10.1016/j.actatropica.2015.08.016[][]|  
 []


Overfull \hbox (32.77316pt too wide) in paragraph at lines 1281--1281
[]|[]\T1/lmr/m/n/8 rm_2015_guineabissau[]|  
 []


Overfull \hbox (58.28967pt too wide) in paragraph at lines 1281--1281
[]|[][]\T1/lmr/m/n/8 https://www.silvavir.com/wp- 
 []


Overfull \hbox (344.29567pt too wide) in paragraph at lines 1281--1281
\T1/lmr/m/n/8 content/uploads/2011/06/SilvaVir_Chimbo_SmMammalsAmphibians_Boe_R
eport_2015_DEF_web.pdf[][]|  
 []


Overfull \hbox (6.22652pt too wide) in paragraph at lines 1287--1287
[]|[]\T1/lmr/m/n/8 cn_2015_ghana[]|  
 []


Overfull \hbox (226.56573pt too wide) in paragraph at lines 1287--1287
[]|[][]\T1/lmr/m/n/8 https://journals.plos.org/plosntds/article?id=10.1371/jour
nal.pntd.0003437[][]|  
 []


Overfull \hbox (6.22652pt too wide) in paragraph at lines 1293--1293
[]|[]\T1/lmr/m/n/8 cd_2015_ghana[]|  
 []


Overfull \hbox (57.53319pt too wide) in paragraph at lines 1293--1293
[]|[][]\T1/lmr/m/n/8 https://doi.org/10.4172/2161- 
 []


Overfull \hbox (19.45625pt too wide) in paragraph at lines 1299--1299
[]|[]\T1/lmr/m/n/8 pf_2015_capeverde[]|  
 []


Overfull \hbox (169.18927pt too wide) in paragraph at lines 1299--1299
[]|[][]\T1/lmr/m/n/8 http://www.ojvr.org/index.php/ojvr/article/view/899/html[]
[]|  
 []


Overfull \hbox (9.06667pt too wide) in paragraph at lines 1305--1305
[]|[]\T1/lmr/m/n/8 ao_2016_nigeria[]|  
 []


Overfull \hbox (93.42252pt too wide) in paragraph at lines 1305--1305
[]|[][]\T1/lmr/m/n/8 https://doi.org/10.3201/eid2204.150155[][]|  
 []


Overfull \hbox (14.4907pt too wide) in paragraph at lines 1311--1311
[]|[]\T1/lmr/m/n/8 ao_2016_multiple[]|  
 []


Overfull \hbox (74.11569pt too wide) in paragraph at lines 1311--1311
[]|[][]\T1/lmr/m/n/8 https://doi.org/10.1038/srep25280[][]|  
 []


Overfull \hbox (6.93463pt too wide) in paragraph at lines 1317--1317
[]|[]\T1/lmr/m/n/8 bo_2016_ghana[]|  
 []


Overfull \hbox (65.13618pt too wide) in paragraph at lines 1317--1317
[]|[][]\T1/lmr/m/n/8 https://doi.org/10.1007/s10661- 
 []


Overfull \hbox (13.5532pt too wide) in paragraph at lines 1323--1323
[]|[]\T1/lmr/m/n/8 ar_2017_multiple[]|  
 []


Overfull \hbox (65.13618pt too wide) in paragraph at lines 1323--1323
[]|[][]\T1/lmr/m/n/8 https://doi.org/10.1007/s00436- 
 []


Overfull \hbox (8.16316pt too wide) in paragraph at lines 1329--1329
[]|[]\T1/lmr/m/n/8 cl_2017_senegal[]|  
 []


Overfull \hbox (81.1445pt too wide) in paragraph at lines 1329--1329
[]|[][]\T1/lmr/m/n/8 https://doi.org/10.1038/hdy.2017.18[][]|  
 []


Overfull \hbox (10.52434pt too wide) in paragraph at lines 1335--1335
[]|[]\T1/lmr/m/n/8 cd_2017_senegal[]|  
 []


Overfull \hbox (65.13618pt too wide) in paragraph at lines 1335--1335
[]|[][]\T1/lmr/m/n/8 https://doi.org/10.1038/s41598- 
 []


Overfull \hbox (21.14134pt too wide) in paragraph at lines 1341--1341
[]|[]\T1/lmr/m/n/8 cd_2017_senegal_2[]|  
 []


Overfull \hbox (89.40851pt too wide) in paragraph at lines 1341--1341
[]|[][]\T1/lmr/m/n/8 https://doi.org/10.1089/vbz.2017.2135[][]|  
 []


Overfull \hbox (6.69852pt too wide) in paragraph at lines 1347--1347
[]|[]\T1/lmr/m/n/8 da_2017_ghana[]|  
 []


Overfull \hbox (65.13618pt too wide) in paragraph at lines 1347--1347
[]|[][]\T1/lmr/m/n/8 https://doi.org/10.1007/s10661- 
 []


Overfull \hbox (8.63516pt too wide) in paragraph at lines 1353--1353
[]|[]\T1/lmr/m/n/8 lg_2018_senegal[]|  
 []


Overfull \hbox (109.48499pt too wide) in paragraph at lines 1353--1353
[]|[][]\T1/lmr/m/n/8 https://doi.org/10.1016/j.ijpara.2018.11.004[][]|  
 []


Overfull \hbox (9.155pt too wide) in paragraph at lines 1359--1359
[]|[]\T1/lmr/m/n/8 sc_2018_senegal[]|  
 []


Overfull \hbox (110.4222pt too wide) in paragraph at lines 1359--1359
[]|[][]\T1/lmr/m/n/8 https://doi.org/10.1017/S0031182018001427[][]|  
 []


Overfull \hbox (7.45433pt too wide) in paragraph at lines 1365--1365
[]|[]\T1/lmr/m/n/8 ks_2018_guinea[]|  
 []


Overfull \hbox (101.21442pt too wide) in paragraph at lines 1365--1365
[]|[][]\T1/lmr/m/n/8 https://doi.org/10.3389/fmicb.2018.00150[][]|  
 []


Overfull \hbox (9.06667pt too wide) in paragraph at lines 1371--1371
[]|[]\T1/lmr/m/n/8 ao_2018_nigeria[]|  
 []


Overfull \hbox (65.13618pt too wide) in paragraph at lines 1371--1371
[]|[][]\T1/lmr/m/n/8 https://doi.org/10.1186/s13071- 
 []


Overfull \hbox (10.52434pt too wide) in paragraph at lines 1377--1377
[]|[]\T1/lmr/m/n/8 cb_2018_senegal[]|  
 []


Overfull \hbox (101.03252pt too wide) in paragraph at lines 1377--1377
[]|[][]\T1/lmr/m/n/8 https://doi.org/10.1051/parasite/2018036[][]|  
 []


Overfull \hbox (6.93463pt too wide) in paragraph at lines 1383--1383
[]|[]\T1/lmr/m/n/8 bo_2018_ghana[]|  
 []


Overfull \hbox (65.13618pt too wide) in paragraph at lines 1383--1383
[]|[][]\T1/lmr/m/n/8 https://doi.org/10.1007/s10661- 
 []


Overfull \hbox (7.6499pt too wide) in paragraph at lines 1389--1389
[]|[]\T1/lmr/m/n/8 jk_2018_nigeria[]|  
 []


Overfull \hbox (129.55507pt too wide) in paragraph at lines 1389--1389
[]|[][]\T1/lmr/m/n/8 https://doi.org/10.1016/j.actatropica.2018.07.028[][]|  
 []


Overfull \hbox (21.8637pt too wide) in paragraph at lines 1395--1395
[]|[]\T1/lmr/m/n/8 ka_2018_ivorycoast[]|  
 []


Overfull \hbox (88.23502pt too wide) in paragraph at lines 1395--1395
[]|[][]\T1/lmr/m/n/8 https://doi.org/10.24189/ncr.2018.067[][]|  
 []


Overfull \hbox (6.70583pt too wide) in paragraph at lines 1401--1401
[]|[]\T1/lmr/m/n/8 ic_2018_nigeria[]|  
 []


Overfull \hbox (97.20007pt too wide) in paragraph at lines 1401--1401
[]|[][]\T1/lmr/m/n/8 https://doi.org/10.3347/kjp.2018.56.1.93[][]|  
 []


Overfull \hbox (9.29608pt too wide) in paragraph at lines 1407--1407
[]|[]\T1/lmr/m/n/8 mj_2018_guinea[]|  
 []


Overfull \hbox (65.13618pt too wide) in paragraph at lines 1407--1407
[]|[][]\T1/lmr/m/n/8 https://doi.org/10.1007/s10393- 
 []


Overfull \hbox (25.41339pt too wide) in paragraph at lines 1413--1413
[]|[]\T1/lmr/m/n/8 nw_2019_sierraleone[]|  
 []


Overfull \hbox (88.57018pt too wide) in paragraph at lines 1413--1413
[]|[][]\T1/lmr/m/n/8 https://doi.org/10.3897/BDJ.7.e34754[][]|  
 []


Overfull \hbox (9.29608pt too wide) in paragraph at lines 1419--1419
[]|[]\T1/lmr/m/n/8 jm_2019_guinea[]|  
 []


Overfull \hbox (123.17218pt too wide) in paragraph at lines 1419--1419
[]|[][]\T1/lmr/m/n/8 https://doi.org/10.1080/22221751.2019.1605846[][]|  
 []


Overfull \hbox (15.19904pt too wide) in paragraph at lines 1425--1425
[]|[]\T1/lmr/m/n/8 kh_2019_multiple[]|  
 []


Overfull \hbox (76.4222pt too wide) in paragraph at lines 1425--1425
[]|[][]\T1/lmr/m/n/8 https://doi.org/10.3390/d11120238[][]|  
 []


Overfull \hbox (13.82983pt too wide) in paragraph at lines 1431--1431
[]|[]\T1/lmr/m/n/8 md_2019_senegal[]|  
 []


Overfull \hbox (76.18585pt too wide) in paragraph at lines 1431--1431
[]|[][]\T1/lmr/m/n/8 https://doi.org/10.3390/v11020181[][]|  
 []


Overfull \hbox (9.155pt too wide) in paragraph at lines 1437--1437
[]|[]\T1/lmr/m/n/8 sc_2019_senegal[]|  
 []


Overfull \hbox (112.54771pt too wide) in paragraph at lines 1437--1437
[]|[][]\T1/lmr/m/n/8 https://doi.org/10.1016/j.ijppaw.2019.02.003[][]|  
 []


Overfull \hbox (6.4625pt too wide) in paragraph at lines 1443--1443
[]|[]\T1/lmr/m/n/8 lk_2019_guinea[]|  
 []


Overfull \hbox (63.19986pt too wide) in paragraph at lines 1443--1443
[]|[][]\T1/lmr/m/n/8 https://doi.org/10.1101/616466[][]|  
 []


Overfull \hbox (4.57367pt too wide) in paragraph at lines 1449--1449
[]|[]\T1/lmr/m/n/8 ay_2019_benin[]|  
 []


Overfull \hbox (93.42252pt too wide) in paragraph at lines 1449--1449
[]|[][]\T1/lmr/m/n/8 https://doi.org/10.3201/eid2510.180523[][]|  
 []


Overfull \hbox (7.23216pt too wide) in paragraph at lines 1455--1455
[]|[]\T1/lmr/m/n/8 sr_2019_nigeria[]|  
 []


Overfull \hbox (61.7837pt too wide) in paragraph at lines 1455--1455
[]|[][]\T1/lmr/m/n/8 https://doi.org/10.2478/foecol- 
 []


Overfull \hbox (3.16383pt too wide) in paragraph at lines 1461--1461
[]|[]\T1/lmr/m/n/8 hk_2019_niger[]|  
 []


Overfull \hbox (106.40892pt too wide) in paragraph at lines 1461--1461
[]|[][]\T1/lmr/m/n/8 https://doi.org/10.11648/j.eeb.20190404.11[][]|  
 []


Overfull \hbox (5.04613pt too wide) in paragraph at lines 1467--1467
[]|[]\T1/lmr/m/n/8 gh_2019_benin[]|  
 []


Overfull \hbox (98.67152pt too wide) in paragraph at lines 1467--1467
[]|[][]\T1/lmr/m/n/8 https://doi.org/10.3390/urbansci3030099[][]|  
 []


Overfull \hbox (7.64993pt too wide) in paragraph at lines 1473--1473
[]|[]\T1/lmr/m/n/8 ka_2019_liberia[]|  
 []


Overfull \hbox (99.60873pt too wide) in paragraph at lines 1473--1473
[]|[][]\T1/lmr/m/n/8 https://doi.org/10.3126/ijasbt.v7i4.25581[][]|  
 []


Overfull \hbox (12.13617pt too wide) in paragraph at lines 1479--1479
[]|[]\T1/lmr/m/n/8 az_2020_burkina[]|  
 []


Overfull \hbox (83.03336pt too wide) in paragraph at lines 1479--1479
[]|[][]\T1/lmr/m/n/8 https://doi.org/10.17420/ap6602.262[][]|  
 []


Overfull \hbox (5.28212pt too wide) in paragraph at lines 1485--1485
[]|[]\T1/lmr/m/n/8 vn_2020_benin[]|  
 []


Overfull \hbox (77.3666pt too wide) in paragraph at lines 1485--1485
[]|[][]\T1/lmr/m/n/8 https://doi.org/10.25225/jvb.20009[][]|  
 []


Overfull \hbox (9.29608pt too wide) in paragraph at lines 1491--1491
[]|[]\T1/lmr/m/n/8 jm_2020_guinea[]|  
 []


Overfull \hbox (123.17218pt too wide) in paragraph at lines 1491--1491
[]|[][]\T1/lmr/m/n/8 https://doi.org/10.1080/22221751.2020.1766381[][]|  
 []


Overfull \hbox (10.52434pt too wide) in paragraph at lines 1497--1497
[]|[]\T1/lmr/m/n/8 cd_2020_senegal[]|  
 []


Overfull \hbox (65.13618pt too wide) in paragraph at lines 1497--1497
[]|[][]\T1/lmr/m/n/8 https://doi.org/10.1007/s10530- 
 []


Overfull \hbox (11.46867pt too wide) in paragraph at lines 1503--1503
[]|[]\T1/lmr/m/n/8 hd_2020_senegal[]|  
 []


Overfull \hbox (104.80353pt too wide) in paragraph at lines 1503--1503
[]|[][]\T1/lmr/m/n/8 https://doi.org/10.3390/pathogens9030202[][]|  
 []


Overfull \hbox (9.155pt too wide) in paragraph at lines 1509--1509
[]|[]\T1/lmr/m/n/8 sc_2020_senegal[]|  
 []


Overfull \hbox (93.42252pt too wide) in paragraph at lines 1509--1509
[]|[][]\T1/lmr/m/n/8 https://doi.org/10.3201/eid2606.200107[][]|  
 []


Overfull \hbox (19.73886pt too wide) in paragraph at lines 1515--1515
[]|[]\T1/lmr/m/n/8 la_2020_ivorycoast[]|  
 []


Overfull \hbox (88.23502pt too wide) in paragraph at lines 1515--1515
[]|[][]\T1/lmr/m/n/8 https://doi.org/10.24189/ncr.2020.005[][]|  
 []


Overfull \hbox (9.155pt too wide) in paragraph at lines 1521--1521
[]|[]\T1/lmr/m/n/8 cs_2020_senegal[]|  
 []


Overfull \hbox (119.35394pt too wide) in paragraph at lines 1521--1521
[]|[][]\T1/lmr/m/n/8 http://biorxiv.org/lookup/doi/10.1101/557066[][]|  
 []


Overfull \hbox (12.83786pt too wide) in paragraph at lines 1527--1527
[]|[]\T1/lmr/m/n/8 lk_2020_multiple[]|  
 []


Overfull \hbox (65.13618pt too wide) in paragraph at lines 1527--1527
[]|[][]\T1/lmr/m/n/8 https://doi.org/10.1007/s11262- 
 []


Overfull \hbox (5.51846pt too wide) in paragraph at lines 1533--1533
[]|[]\T1/lmr/m/n/8 hd_2020_benin[]|  
 []


Overfull \hbox (61.78319pt too wide) in paragraph at lines 1533--1533
[]|[][]\T1/lmr/m/n/8 https://doi.org/10.25518/1780- 
 []


Overfull \hbox (0.55966pt too wide) in paragraph at lines 1539--1539
[]|[]\T1/lmr/m/n/8 ad_2020_mali[]|  
 []


Overfull \hbox (73.5892pt too wide) in paragraph at lines 1539--1539
[]|[][]\T1/lmr/m/n/8 https://doi.org/10.4269/ajtmh.19- 
 []


Overfull \hbox (20.1577pt too wide) in paragraph at lines 1545--1545
[]|[]\T1/lmr/m/n/8 mm_2021_multiple[]|  
 []


Overfull \hbox (79.256pt too wide) in paragraph at lines 1545--1545
[]|[][]\T1/lmr/m/n/8 https://doi.org/10.1515/mammalia- 
 []


Overfull \hbox (24.23283pt too wide) in paragraph at lines 1551--1551
[]|[]\T1/lmr/m/n/8 ub_2021_sierraleone[]|  
 []


Overfull \hbox (98.38051pt too wide) in paragraph at lines 1551--1551
[]|[][]\T1/lmr/m/n/8 https://doi.org/10.3390/biology10010028[][]|  
 []


Overfull \hbox (8.59467pt too wide) in paragraph at lines 1557--1557
[]|[]\T1/lmr/m/n/8 ca_2021_nigeria[]|  
 []


Overfull \hbox (65.13618pt too wide) in paragraph at lines 1557--1557
[]|[][]\T1/lmr/m/n/8 https://doi.org/10.1007/s11356- 
 []

[14] [15] [16] [17] [18] [19] [20] [21] [22]
Underfull \hbox (badness 10000) in paragraph at lines 1767--1772
\T1/lmr/m/n/10 foret -[] classee -[] du -[] pic -[] de -[] fon -[] simandou -[]
 range -[] southeastern -[] republic -[] of -[] guinea -[] une -[] evaluation -
[] biologique -[]
 []

[23] [24] [25] [26] [27]
Underfull \hbox (badness 2073) in paragraph at lines 2293--2301
\T1/lmr/m/n/10 ing-ton, D.C.; Ghana: Cen-ter for Ap-plied Bio-di-ver-sity Sci-e
nce ; Con-ser-va-tion In-ter-na-tional.
 []


Underfull \hbox (badness 10000) in paragraph at lines 2293--2301
[]$\T1/lmr/m/n/10 https : / / www . nhbs . com / a -[] biological -[] assessmen
t -[] of -[] the -[] terrestrial -[] ecosystems -[] of -[] the -[] draw -[] riv
er -[] boi -[]
 []


Underfull \hbox (badness 10000) in paragraph at lines 2308--2313
\T1/lmr/m/n/10 263275127 _ Notes _ on _ the _ mammal _ fauna _ of _ the _ south
ern _ part _ of _ the _ Republic _ of _ Mali _
 []

[28] [29] [30] [31] (./manuscript_v2.aux)
Package rerunfilecheck Info: File `manuscript_v2.out' has not changed.
(rerunfilecheck)             Checksum: 3CFBD4D6D620D608E6059D90351D4D73;4444.
 ) 
Here is how much of TeX's memory you used:
 10819 strings out of 480559
 161781 string characters out of 5901527
 732513 words of memory out of 5000000
 27994 multiletter control sequences out of 15000+600000
 466211 words of font info for 70 fonts, out of 8000000 for 9000
 14 hyphenation exceptions out of 8191
 60i,7n,66p,2033b,427s stack positions out of 5000i,500n,10000p,200000b,80000s
{c:/Users/ucbtds4/AppData/Roaming/TinyTeX/texmf-dist/fonts/enc/dvips/lm/lm-ec
.enc}{c:/Users/ucbtds4/AppData/Roaming/TinyTeX/texmf-dist/fonts/enc/dvips/lm/lm
-rm.enc}{c:/Users/ucbtds4/AppData/Roaming/TinyTeX/texmf-dist/fonts/enc/dvips/lm
/lm-mathit.enc}{c:/Users/ucbtds4/AppData/Roaming/TinyTeX/texmf-dist/fonts/enc/d
vips/lm/lm-mathsy.enc}<c:/Users/ucbtds4/AppData/Roaming/TinyTeX/texmf-dist/font
s/type1/public/lm/lmbx10.pfb><c:/Users/ucbtds4/AppData/Roaming/TinyTeX/texmf-di
st/fonts/type1/public/lm/lmbx12.pfb><c:/Users/ucbtds4/AppData/Roaming/TinyTeX/t
exmf-dist/fonts/type1/public/lm/lmmi10.pfb><c:/Users/ucbtds4/AppData/Roaming/Ti
nyTeX/texmf-dist/fonts/type1/public/lm/lmr10.pfb><c:/Users/ucbtds4/AppData/Roam
ing/TinyTeX/texmf-dist/fonts/type1/public/lm/lmr12.pfb><c:/Users/ucbtds4/AppDat
a/Roaming/TinyTeX/texmf-dist/fonts/type1/public/lm/lmr17.pfb><c:/Users/ucbtds4/
AppData/Roaming/TinyTeX/texmf-dist/fonts/type1/public/lm/lmr7.pfb><c:/Users/ucb
tds4/AppData/Roaming/TinyTeX/texmf-dist/fonts/type1/public/lm/lmr8.pfb><c:/User
s/ucbtds4/AppData/Roaming/TinyTeX/texmf-dist/fonts/type1/public/lm/lmri10.pfb><
c:/Users/ucbtds4/AppData/Roaming/TinyTeX/texmf-dist/fonts/type1/public/lm/lmri7
.pfb><c:/Users/ucbtds4/AppData/Roaming/TinyTeX/texmf-dist/fonts/type1/public/lm
/lmsy10.pfb>
Output written on manuscript_v2.pdf (31 pages, 4951822 bytes).
PDF statistics:
 1027 PDF objects out of 1200 (max. 8388607)
 948 compressed objects within 10 object streams
 252 named destinations out of 1000 (max. 500000)
 239 words of extra memory for PDF output out of 10000 (max. 10000000)

