This is pdfTeX, Version 3.141592653-2.6-1.40.24 (TeX Live 2022) (preloaded format=pdflatex 2022.5.24)  24 MAY 2022 13:54
entering extended mode
 restricted \write18 enabled.
 %&-line parsing enabled.
**manuscript_v4.tex
(./manuscript_v4.tex
LaTeX2e <2021-11-15> patch level 1
L3 programming layer <2022-05-04> (/Users/david/Library/TinyTeX/texmf-dist/tex/latex/base/article.cls
Document Class: article 2021/10/04 v1.4n Standard LaTeX document class
(/Users/david/Library/TinyTeX/texmf-dist/tex/latex/base/size10.clo
File: size10.clo 2021/10/04 v1.4n Standard LaTeX file (size option)
)
\c@part=\count185
\c@section=\count186
\c@subsection=\count187
\c@subsubsection=\count188
\c@paragraph=\count189
\c@subparagraph=\count190
\c@figure=\count191
\c@table=\count192
\abovecaptionskip=\skip47
\belowcaptionskip=\skip48
\bibindent=\dimen138
) (/Users/david/Library/TinyTeX/texmf-dist/tex/latex/amsmath/amsmath.sty
Package: amsmath 2021/10/15 v2.17l AMS math features
\@mathmargin=\skip49
For additional information on amsmath, use the `?' option.
(/Users/david/Library/TinyTeX/texmf-dist/tex/latex/amsmath/amstext.sty
Package: amstext 2021/08/26 v2.01 AMS text
(/Users/david/Library/TinyTeX/texmf-dist/tex/latex/amsmath/amsgen.sty
File: amsgen.sty 1999/11/30 v2.0 generic functions
\@emptytoks=\toks16
\ex@=\dimen139
)) (/Users/david/Library/TinyTeX/texmf-dist/tex/latex/amsmath/amsbsy.sty
Package: amsbsy 1999/11/29 v1.2d Bold Symbols
\pmbraise@=\dimen140
) (/Users/david/Library/TinyTeX/texmf-dist/tex/latex/amsmath/amsopn.sty
Package: amsopn 2021/08/26 v2.02 operator names
)
\inf@bad=\count193
LaTeX Info: Redefining \frac on input line 234.
\uproot@=\count194
\leftroot@=\count195
LaTeX Info: Redefining \overline on input line 399.
\classnum@=\count196
\DOTSCASE@=\count197
LaTeX Info: Redefining \ldots on input line 496.
LaTeX Info: Redefining \dots on input line 499.
LaTeX Info: Redefining \cdots on input line 620.
\Mathstrutbox@=\box50
\strutbox@=\box51
\big@size=\dimen141
LaTeX Font Info:    Redeclaring font encoding OML on input line 743.
LaTeX Font Info:    Redeclaring font encoding OMS on input line 744.
\macc@depth=\count198
\c@MaxMatrixCols=\count199
\dotsspace@=\muskip16
\c@parentequation=\count266
\dspbrk@lvl=\count267
\tag@help=\toks17
\row@=\count268
\column@=\count269
\maxfields@=\count270
\andhelp@=\toks18
\eqnshift@=\dimen142
\alignsep@=\dimen143
\tagshift@=\dimen144
\tagwidth@=\dimen145
\totwidth@=\dimen146
\lineht@=\dimen147
\@envbody=\toks19
\multlinegap=\skip50
\multlinetaggap=\skip51
\mathdisplay@stack=\toks20
LaTeX Info: Redefining \[ on input line 2938.
LaTeX Info: Redefining \] on input line 2939.
) (/Users/david/Library/TinyTeX/texmf-dist/tex/latex/amsfonts/amssymb.sty
Package: amssymb 2013/01/14 v3.01 AMS font symbols
(/Users/david/Library/TinyTeX/texmf-dist/tex/latex/amsfonts/amsfonts.sty
Package: amsfonts 2013/01/14 v3.01 Basic AMSFonts support
\symAMSa=\mathgroup4
\symAMSb=\mathgroup5
LaTeX Font Info:    Redeclaring math symbol \hbar on input line 98.
LaTeX Font Info:    Overwriting math alphabet `\mathfrak' in version `bold'
(Font)                  U/euf/m/n --> U/euf/b/n on input line 106.
)) (/Users/david/Library/TinyTeX/texmf-dist/tex/latex/lm/lmodern.sty
Package: lmodern 2015/05/01 v1.6.1 Latin Modern Fonts
LaTeX Font Info:    Overwriting symbol font `operators' in version `normal'
(Font)                  OT1/cmr/m/n --> OT1/lmr/m/n on input line 22.
LaTeX Font Info:    Overwriting symbol font `letters' in version `normal'
(Font)                  OML/cmm/m/it --> OML/lmm/m/it on input line 23.
LaTeX Font Info:    Overwriting symbol font `symbols' in version `normal'
(Font)                  OMS/cmsy/m/n --> OMS/lmsy/m/n on input line 24.
LaTeX Font Info:    Overwriting symbol font `largesymbols' in version `normal'
(Font)                  OMX/cmex/m/n --> OMX/lmex/m/n on input line 25.
LaTeX Font Info:    Overwriting symbol font `operators' in version `bold'
(Font)                  OT1/cmr/bx/n --> OT1/lmr/bx/n on input line 26.
LaTeX Font Info:    Overwriting symbol font `letters' in version `bold'
(Font)                  OML/cmm/b/it --> OML/lmm/b/it on input line 27.
LaTeX Font Info:    Overwriting symbol font `symbols' in version `bold'
(Font)                  OMS/cmsy/b/n --> OMS/lmsy/b/n on input line 28.
LaTeX Font Info:    Overwriting symbol font `largesymbols' in version `bold'
(Font)                  OMX/cmex/m/n --> OMX/lmex/m/n on input line 29.
LaTeX Font Info:    Overwriting math alphabet `\mathbf' in version `normal'
(Font)                  OT1/cmr/bx/n --> OT1/lmr/bx/n on input line 31.
LaTeX Font Info:    Overwriting math alphabet `\mathsf' in version `normal'
(Font)                  OT1/cmss/m/n --> OT1/lmss/m/n on input line 32.
LaTeX Font Info:    Overwriting math alphabet `\mathit' in version `normal'
(Font)                  OT1/cmr/m/it --> OT1/lmr/m/it on input line 33.
LaTeX Font Info:    Overwriting math alphabet `\mathtt' in version `normal'
(Font)                  OT1/cmtt/m/n --> OT1/lmtt/m/n on input line 34.
LaTeX Font Info:    Overwriting math alphabet `\mathbf' in version `bold'
(Font)                  OT1/cmr/bx/n --> OT1/lmr/bx/n on input line 35.
LaTeX Font Info:    Overwriting math alphabet `\mathsf' in version `bold'
(Font)                  OT1/cmss/bx/n --> OT1/lmss/bx/n on input line 36.
LaTeX Font Info:    Overwriting math alphabet `\mathit' in version `bold'
(Font)                  OT1/cmr/bx/it --> OT1/lmr/bx/it on input line 37.
LaTeX Font Info:    Overwriting math alphabet `\mathtt' in version `bold'
(Font)                  OT1/cmtt/m/n --> OT1/lmtt/m/n on input line 38.
) (/Users/david/Library/TinyTeX/texmf-dist/tex/generic/iftex/ifxetex.sty
Package: ifxetex 2019/10/25 v0.7 ifxetex legacy package. Use iftex instead.
(/Users/david/Library/TinyTeX/texmf-dist/tex/generic/iftex/iftex.sty
Package: iftex 2022/02/03 v1.0f TeX engine tests
)) (/Users/david/Library/TinyTeX/texmf-dist/tex/generic/iftex/ifluatex.sty
Package: ifluatex 2019/10/25 v1.5 ifluatex legacy package. Use iftex instead.
) (/Users/david/Library/TinyTeX/texmf-dist/tex/latex/base/fontenc.sty
Package: fontenc 2021/04/29 v2.0v Standard LaTeX package
LaTeX Font Info:    Trying to load font information for T1+lmr on input line 112.
(/Users/david/Library/TinyTeX/texmf-dist/tex/latex/lm/t1lmr.fd
File: t1lmr.fd 2015/05/01 v1.6.1 Font defs for Latin Modern
)) (/Users/david/Library/TinyTeX/texmf-dist/tex/latex/base/inputenc.sty
Package: inputenc 2021/02/14 v1.3d Input encoding file
\inpenc@prehook=\toks21
\inpenc@posthook=\toks22
) (/Users/david/Library/TinyTeX/texmf-dist/tex/latex/base/textcomp.sty
Package: textcomp 2020/02/02 v2.0n Standard LaTeX package
) (/Users/david/Library/TinyTeX/texmf-dist/tex/latex/xcolor/xcolor.sty
Package: xcolor 2021/10/31 v2.13 LaTeX color extensions (UK)
(/Users/david/Library/TinyTeX/texmf-dist/tex/latex/graphics-cfg/color.cfg
File: color.cfg 2016/01/02 v1.6 sample color configuration
)
Package xcolor Info: Driver file: pdftex.def on input line 227.
(/Users/david/Library/TinyTeX/texmf-dist/tex/latex/graphics-def/pdftex.def
File: pdftex.def 2020/10/05 v1.2a Graphics/color driver for pdftex
)
Package xcolor Info: Model `cmy' substituted by `cmy0' on input line 1352.
Package xcolor Info: Model `hsb' substituted by `rgb' on input line 1356.
Package xcolor Info: Model `RGB' extended on input line 1368.
Package xcolor Info: Model `HTML' substituted by `rgb' on input line 1370.
Package xcolor Info: Model `Hsb' substituted by `hsb' on input line 1371.
Package xcolor Info: Model `tHsb' substituted by `hsb' on input line 1372.
Package xcolor Info: Model `HSB' substituted by `hsb' on input line 1373.
Package xcolor Info: Model `Gray' substituted by `gray' on input line 1374.
Package xcolor Info: Model `wave' substituted by `hsb' on input line 1375.
) (/Users/david/Library/TinyTeX/texmf-dist/tex/latex/hyperref/hyperref.sty
Package: hyperref 2022-05-17 v7.00q Hypertext links for LaTeX
(/Users/david/Library/TinyTeX/texmf-dist/tex/generic/ltxcmds/ltxcmds.sty
Package: ltxcmds 2020-05-10 v1.25 LaTeX kernel commands for general use (HO)
) (/Users/david/Library/TinyTeX/texmf-dist/tex/generic/pdftexcmds/pdftexcmds.sty
Package: pdftexcmds 2020-06-27 v0.33 Utility functions of pdfTeX for LuaTeX (HO)
(/Users/david/Library/TinyTeX/texmf-dist/tex/generic/infwarerr/infwarerr.sty
Package: infwarerr 2019/12/03 v1.5 Providing info/warning/error messages (HO)
)
Package pdftexcmds Info: \pdf@primitive is available.
Package pdftexcmds Info: \pdf@ifprimitive is available.
Package pdftexcmds Info: \pdfdraftmode found.
) (/Users/david/Library/TinyTeX/texmf-dist/tex/latex/graphics/keyval.sty
Package: keyval 2014/10/28 v1.15 key=value parser (DPC)
\KV@toks@=\toks23
) (/Users/david/Library/TinyTeX/texmf-dist/tex/generic/kvsetkeys/kvsetkeys.sty
Package: kvsetkeys 2019/12/15 v1.18 Key value parser (HO)
) (/Users/david/Library/TinyTeX/texmf-dist/tex/generic/kvdefinekeys/kvdefinekeys.sty
Package: kvdefinekeys 2019-12-19 v1.6 Define keys (HO)
) (/Users/david/Library/TinyTeX/texmf-dist/tex/generic/pdfescape/pdfescape.sty
Package: pdfescape 2019/12/09 v1.15 Implements pdfTeX's escape features (HO)
) (/Users/david/Library/TinyTeX/texmf-dist/tex/latex/hycolor/hycolor.sty
Package: hycolor 2020-01-27 v1.10 Color options for hyperref/bookmark (HO)
) (/Users/david/Library/TinyTeX/texmf-dist/tex/latex/letltxmacro/letltxmacro.sty
Package: letltxmacro 2019/12/03 v1.6 Let assignment for LaTeX macros (HO)
) (/Users/david/Library/TinyTeX/texmf-dist/tex/latex/auxhook/auxhook.sty
Package: auxhook 2019-12-17 v1.6 Hooks for auxiliary files (HO)
) (/Users/david/Library/TinyTeX/texmf-dist/tex/latex/hyperref/nameref.sty
Package: nameref 2022-05-17 v2.50 Cross-referencing by name of section
(/Users/david/Library/TinyTeX/texmf-dist/tex/latex/refcount/refcount.sty
Package: refcount 2019/12/15 v3.6 Data extraction from label references (HO)
) (/Users/david/Library/TinyTeX/texmf-dist/tex/generic/gettitlestring/gettitlestring.sty
Package: gettitlestring 2019/12/15 v1.6 Cleanup title references (HO)
(/Users/david/Library/TinyTeX/texmf-dist/tex/latex/kvoptions/kvoptions.sty
Package: kvoptions 2020-10-07 v3.14 Key value format for package options (HO)
))
\c@section@level=\count271
)
\@linkdim=\dimen148
\Hy@linkcounter=\count272
\Hy@pagecounter=\count273
(/Users/david/Library/TinyTeX/texmf-dist/tex/latex/hyperref/pd1enc.def
File: pd1enc.def 2022-05-17 v7.00q Hyperref: PDFDocEncoding definition (HO)
Now handling font encoding PD1 ...
... no UTF-8 mapping file for font encoding PD1
) (/Users/david/Library/TinyTeX/texmf-dist/tex/generic/intcalc/intcalc.sty
Package: intcalc 2019/12/15 v1.3 Expandable calculations with integers (HO)
) (/Users/david/Library/TinyTeX/texmf-dist/tex/generic/etexcmds/etexcmds.sty
Package: etexcmds 2019/12/15 v1.7 Avoid name clashes with e-TeX commands (HO)
)
\Hy@SavedSpaceFactor=\count274
(/Users/david/Library/TinyTeX/texmf-dist/tex/latex/hyperref/puenc.def
File: puenc.def 2022-05-17 v7.00q Hyperref: PDF Unicode definition (HO)
Now handling font encoding PU ...
... no UTF-8 mapping file for font encoding PU
)
Package hyperref Info: Option `unicode' set `true' on input line 4020.
Package hyperref Info: Hyper figures OFF on input line 4139.
Package hyperref Info: Link nesting OFF on input line 4144.
Package hyperref Info: Hyper index ON on input line 4147.
Package hyperref Info: Plain pages OFF on input line 4154.
Package hyperref Info: Backreferencing OFF on input line 4159.
Package hyperref Info: Implicit mode ON; LaTeX internals redefined.
Package hyperref Info: Bookmarks ON on input line 4385.
\c@Hy@tempcnt=\count275
(/Users/david/Library/TinyTeX/texmf-dist/tex/latex/url/url.sty
\Urlmuskip=\muskip17
Package: url 2013/09/16  ver 3.4  Verb mode for urls, etc.
)
LaTeX Info: Redefining \url on input line 4723.
\XeTeXLinkMargin=\dimen149
(/Users/david/Library/TinyTeX/texmf-dist/tex/generic/bitset/bitset.sty
Package: bitset 2019/12/09 v1.3 Handle bit-vector datatype (HO)
(/Users/david/Library/TinyTeX/texmf-dist/tex/generic/bigintcalc/bigintcalc.sty
Package: bigintcalc 2019/12/15 v1.5 Expandable calculations on big integers (HO)
))
\Fld@menulength=\count276
\Field@Width=\dimen150
\Fld@charsize=\dimen151
Package hyperref Info: Hyper figures OFF on input line 6001.
Package hyperref Info: Link nesting OFF on input line 6006.
Package hyperref Info: Hyper index ON on input line 6009.
Package hyperref Info: backreferencing OFF on input line 6016.
Package hyperref Info: Link coloring OFF on input line 6021.
Package hyperref Info: Link coloring with OCG OFF on input line 6026.
Package hyperref Info: PDF/A mode OFF on input line 6031.
LaTeX Info: Redefining \ref on input line 6078.
LaTeX Info: Redefining \pageref on input line 6078.
(/Users/david/Library/TinyTeX/texmf-dist/tex/latex/base/atbegshi-ltx.sty
Package: atbegshi-ltx 2021/01/10 v1.0c Emulation of the original atbegshi
package with kernel methods
)
\Hy@abspage=\count277
\c@Item=\count278
\c@Hfootnote=\count279
)
Package hyperref Info: Driver (autodetected): hpdftex.
(/Users/david/Library/TinyTeX/texmf-dist/tex/latex/hyperref/hpdftex.def
File: hpdftex.def 2022-05-17 v7.00q Hyperref driver for pdfTeX
(/Users/david/Library/TinyTeX/texmf-dist/tex/latex/base/atveryend-ltx.sty
Package: atveryend-ltx 2020/08/19 v1.0a Emulation of the original atveryend package
with kernel methods
)
\Fld@listcount=\count280
\c@bookmark@seq@number=\count281
(/Users/david/Library/TinyTeX/texmf-dist/tex/latex/rerunfilecheck/rerunfilecheck.sty
Package: rerunfilecheck 2019/12/05 v1.9 Rerun checks for auxiliary files (HO)
(/Users/david/Library/TinyTeX/texmf-dist/tex/generic/uniquecounter/uniquecounter.sty
Package: uniquecounter 2019/12/15 v1.4 Provide unlimited unique counter (HO)
)
Package uniquecounter Info: New unique counter `rerunfilecheck' on input line 286.
)
\Hy@SectionHShift=\skip52
) (/Users/david/Library/TinyTeX/texmf-dist/tex/latex/geometry/geometry.sty
Package: geometry 2020/01/02 v5.9 Page Geometry
(/Users/david/Library/TinyTeX/texmf-dist/tex/generic/iftex/ifvtex.sty
Package: ifvtex 2019/10/25 v1.7 ifvtex legacy package. Use iftex instead.
)
\Gm@cnth=\count282
\Gm@cntv=\count283
\c@Gm@tempcnt=\count284
\Gm@bindingoffset=\dimen152
\Gm@wd@mp=\dimen153
\Gm@odd@mp=\dimen154
\Gm@even@mp=\dimen155
\Gm@layoutwidth=\dimen156
\Gm@layoutheight=\dimen157
\Gm@layouthoffset=\dimen158
\Gm@layoutvoffset=\dimen159
\Gm@dimlist=\toks24
) (/Users/david/Library/TinyTeX/texmf-dist/tex/latex/graphics/graphicx.sty
Package: graphicx 2021/09/16 v1.2d Enhanced LaTeX Graphics (DPC,SPQR)
(/Users/david/Library/TinyTeX/texmf-dist/tex/latex/graphics/graphics.sty
Package: graphics 2021/03/04 v1.4d Standard LaTeX Graphics (DPC,SPQR)
(/Users/david/Library/TinyTeX/texmf-dist/tex/latex/graphics/trig.sty
Package: trig 2021/08/11 v1.11 sin cos tan (DPC)
) (/Users/david/Library/TinyTeX/texmf-dist/tex/latex/graphics-cfg/graphics.cfg
File: graphics.cfg 2016/06/04 v1.11 sample graphics configuration
)
Package graphics Info: Driver file: pdftex.def on input line 107.
)
\Gin@req@height=\dimen160
\Gin@req@width=\dimen161
) (/Users/david/Library/TinyTeX/texmf-dist/tex/latex/multirow/multirow.sty
Package: multirow 2021/03/15 v2.8 Span multiple rows of a table
\multirow@colwidth=\skip53
\multirow@cntb=\count285
\multirow@dima=\skip54
\bigstrutjot=\dimen162
) (/Users/david/Library/TinyTeX/texmf-dist/tex/latex/tools/multicol.sty
Package: multicol 2021/10/28 v1.9b multicolumn formatting (FMi)
\c@tracingmulticols=\count286
\mult@box=\box52
\multicol@leftmargin=\dimen163
\c@unbalance=\count287
\c@collectmore=\count288
\doublecol@number=\count289
\multicoltolerance=\count290
\multicolpretolerance=\count291
\full@width=\dimen164
\page@free=\dimen165
\premulticols=\dimen166
\postmulticols=\dimen167
\multicolsep=\skip55
\multicolbaselineskip=\skip56
\partial@page=\box53
\last@line=\box54
\maxbalancingoverflow=\dimen168
\mult@rightbox=\box55
\mult@grightbox=\box56
\mult@firstbox=\box57
\mult@gfirstbox=\box58
\@tempa=\box59
\@tempa=\box60
\@tempa=\box61
\@tempa=\box62
\@tempa=\box63
\@tempa=\box64
\@tempa=\box65
\@tempa=\box66
\@tempa=\box67
\@tempa=\box68
\@tempa=\box69
\@tempa=\box70
\@tempa=\box71
\@tempa=\box72
\@tempa=\box73
\@tempa=\box74
\@tempa=\box75
\@tempa=\box76
\@tempa=\box77
\@tempa=\box78
\@tempa=\box79
\@tempa=\box80
\@tempa=\box81
\@tempa=\box82
\@tempa=\box83
\@tempa=\box84
\@tempa=\box85
\@tempa=\box86
\@tempa=\box87
\@tempa=\box88
\@tempa=\box89
\@tempa=\box90
\@tempa=\box91
\@tempa=\box92
\@tempa=\box93
\@tempa=\box94
\c@minrows=\count292
\c@columnbadness=\count293
\c@finalcolumnbadness=\count294
\last@try=\dimen169
\multicolovershoot=\dimen170
\multicolundershoot=\dimen171
\mult@nat@firstbox=\box95
\colbreak@box=\box96
\mc@col@check@num=\count295
) (/Users/david/Library/TinyTeX/texmf-dist/tex/latex/colortbl/colortbl.sty
Package: colortbl 2020/01/04 v1.0e Color table columns (DPC)
(/Users/david/Library/TinyTeX/texmf-dist/tex/latex/tools/array.sty
Package: array 2021/10/04 v2.5f Tabular extension package (FMi)
\col@sep=\dimen172
\ar@mcellbox=\box97
\extrarowheight=\dimen173
\NC@list=\toks25
\extratabsurround=\skip57
\backup@length=\skip58
\ar@cellbox=\box98
)
\everycr=\toks26
\minrowclearance=\skip59
) (/Users/david/Library/TinyTeX/texmf-dist/tex/latex/tools/hhline.sty
Package: hhline 2020/01/04 v2.04 Table rule package (DPC)
) (/Users/david/Library/TinyTeX/texmf-dist/tex/latex/tools/longtable.sty
Package: longtable 2021-09-01 v4.17 Multi-page Table package (DPC)
\LTleft=\skip60
\LTright=\skip61
\LTpre=\skip62
\LTpost=\skip63
\LTchunksize=\count296
\LTcapwidth=\dimen174
\LT@head=\box99
\LT@firsthead=\box100
\LT@foot=\box101
\LT@lastfoot=\box102
\LT@gbox=\box103
\LT@cols=\count297
\LT@rows=\count298
\c@LT@tables=\count299
\c@LT@chunks=\count300
\LT@p@ftn=\toks27
)
\cslhangindent=\skip64
\csllabelwidth=\skip65
(/Users/david/Library/TinyTeX/texmf-dist/tex/latex/tools/calc.sty
Package: calc 2017/05/25 v4.3 Infix arithmetic (KKT,FJ)
\calc@Acount=\count301
\calc@Bcount=\count302
\calc@Adimen=\dimen175
\calc@Bdimen=\dimen176
\calc@Askip=\skip66
\calc@Bskip=\skip67
LaTeX Info: Redefining \setlength on input line 80.
LaTeX Info: Redefining \addtolength on input line 81.
\calc@Ccount=\count303
\calc@Cskip=\skip68
) (/Users/david/Library/TinyTeX/texmf-dist/tex/latex/l3backend/l3backend-pdftex.def
File: l3backend-pdftex.def 2022-04-20 L3 backend support: PDF output (pdfTeX)
\l__color_backend_stack_int=\count304
\l__pdf_internal_box=\box104
) (./manuscript_v4.aux)
\openout1 = `manuscript_v4.aux'.

LaTeX Font Info:    Checking defaults for OML/cmm/m/it on input line 100.
LaTeX Font Info:    ... okay on input line 100.
LaTeX Font Info:    Checking defaults for OMS/cmsy/m/n on input line 100.
LaTeX Font Info:    ... okay on input line 100.
LaTeX Font Info:    Checking defaults for OT1/cmr/m/n on input line 100.
LaTeX Font Info:    ... okay on input line 100.
LaTeX Font Info:    Checking defaults for T1/cmr/m/n on input line 100.
LaTeX Font Info:    ... okay on input line 100.
LaTeX Font Info:    Checking defaults for TS1/cmr/m/n on input line 100.
LaTeX Font Info:    ... okay on input line 100.
LaTeX Font Info:    Checking defaults for OMX/cmex/m/n on input line 100.
LaTeX Font Info:    ... okay on input line 100.
LaTeX Font Info:    Checking defaults for U/cmr/m/n on input line 100.
LaTeX Font Info:    ... okay on input line 100.
LaTeX Font Info:    Checking defaults for PD1/pdf/m/n on input line 100.
LaTeX Font Info:    ... okay on input line 100.
LaTeX Font Info:    Checking defaults for PU/pdf/m/n on input line 100.
LaTeX Font Info:    ... okay on input line 100.
(/Users/david/Library/TinyTeX/texmf-dist/tex/latex/epstopdf-pkg/epstopdf-base.sty
Package: epstopdf-base 2020-01-24 v2.11 Base part for package epstopdf
Package epstopdf-base Info: Redefining graphics rule for `.eps' on input line 485.
(/Users/david/Library/TinyTeX/texmf-dist/tex/latex/latexconfig/epstopdf-sys.cfg
File: epstopdf-sys.cfg 2010/07/13 v1.3 Configuration of (r)epstopdf for TeX Live
))
Package hyperref Info: Link coloring OFF on input line 100.
(./manuscript_v4.out) (./manuscript_v4.out)
\@outlinefile=\write3
\openout3 = `manuscript_v4.out'.

*geometry* driver: auto-detecting
*geometry* detected driver: pdftex
*geometry* verbose mode - [ preamble ] result:
* driver: pdftex
* paper: <default>
* layout: <same size as paper>
* layoutoffset:(h,v)=(0.0pt,0.0pt)
* modes: 
* h-part:(L,W,R)=(72.26999pt, 469.75502pt, 72.26999pt)
* v-part:(T,H,B)=(72.26999pt, 650.43001pt, 72.26999pt)
* \paperwidth=614.295pt
* \paperheight=794.96999pt
* \textwidth=469.75502pt
* \textheight=650.43001pt
* \oddsidemargin=0.0pt
* \evensidemargin=0.0pt
* \topmargin=-37.0pt
* \headheight=12.0pt
* \headsep=25.0pt
* \topskip=10.0pt
* \footskip=30.0pt
* \marginparwidth=65.0pt
* \marginparsep=11.0pt
* \columnsep=10.0pt
* \skip\footins=9.0pt plus 4.0pt minus 2.0pt
* \hoffset=0.0pt
* \voffset=0.0pt
* \mag=1000
* \@twocolumnfalse
* \@twosidefalse
* \@mparswitchfalse
* \@reversemarginfalse
* (1in=72.27pt=25.4mm, 1cm=28.453pt)

LaTeX Font Info:    Trying to load font information for OT1+lmr on input line 102.
(/Users/david/Library/TinyTeX/texmf-dist/tex/latex/lm/ot1lmr.fd
File: ot1lmr.fd 2015/05/01 v1.6.1 Font defs for Latin Modern
)
LaTeX Font Info:    Trying to load font information for OML+lmm on input line 102.
(/Users/david/Library/TinyTeX/texmf-dist/tex/latex/lm/omllmm.fd
File: omllmm.fd 2015/05/01 v1.6.1 Font defs for Latin Modern
)
LaTeX Font Info:    Trying to load font information for OMS+lmsy on input line 102.
(/Users/david/Library/TinyTeX/texmf-dist/tex/latex/lm/omslmsy.fd
File: omslmsy.fd 2015/05/01 v1.6.1 Font defs for Latin Modern
)
LaTeX Font Info:    Trying to load font information for OMX+lmex on input line 102.
(/Users/david/Library/TinyTeX/texmf-dist/tex/latex/lm/omxlmex.fd
File: omxlmex.fd 2015/05/01 v1.6.1 Font defs for Latin Modern
)
LaTeX Font Info:    External font `lmex10' loaded for size
(Font)              <12> on input line 102.
LaTeX Font Info:    External font `lmex10' loaded for size
(Font)              <8> on input line 102.
LaTeX Font Info:    External font `lmex10' loaded for size
(Font)              <6> on input line 102.
LaTeX Font Info:    Trying to load font information for U+msa on input line 102.
(/Users/david/Library/TinyTeX/texmf-dist/tex/latex/amsfonts/umsa.fd
File: umsa.fd 2013/01/14 v3.01 AMS symbols A
)
LaTeX Font Info:    Trying to load font information for U+msb on input line 102.
(/Users/david/Library/TinyTeX/texmf-dist/tex/latex/amsfonts/umsb.fd
File: umsb.fd 2013/01/14 v3.01 AMS symbols B
) [1

{/Users/david/Library/TinyTeX/texmf-var/fonts/map/pdftex/updmap/pdftex.map}] [2] [3]
</Users/david/r_repositories/scoping_review/figures/Figure_1_updated.png, id=128, 722.7pt x 650.43pt>
File: /Users/david/r_repositories/scoping_review/figures/Figure_1_updated.png Graphic file (type png)
<use /Users/david/r_repositories/scoping_review/figures/Figure_1_updated.png>
Package pdftex.def Info: /Users/david/r_repositories/scoping_review/figures/Figure_1_updated.png  used on input line 374.
(pdftex.def)             Requested size: 469.76045pt x 422.78441pt.
[4] [5 </Users/david/r_repositories/scoping_review/figures/Figure_1_updated.png>]
LaTeX Font Info:    External font `lmex10' loaded for size
(Font)              <10> on input line 422.
LaTeX Font Info:    External font `lmex10' loaded for size
(Font)              <7> on input line 422.
LaTeX Font Info:    External font `lmex10' loaded for size
(Font)              <5> on input line 422.

Overfull \hbox (62.1076pt too wide) detected at line 440
[][][] \OMS/lmsy/m/n/10 ^^X []
 []


Overfull \hbox (13.6629pt too wide) detected at line 445
[][][] \OMS/lmsy/m/n/10 ^^X []
 []

[6
pdfTeX warning (ext4): destination with the same identifier (name{equation.0.1}) has been already used, duplicate ignored
<argument> ...shipout:D \box_use:N \l_shipout_box 
                                                  \__shipout_drop_firstpage_...
l.509 
      
pdfTeX warning (ext4): destination with the same identifier (name{equation.0.1}) has been already used, duplicate ignored
<argument> ...shipout:D \box_use:N \l_shipout_box 
                                                  \__shipout_drop_firstpage_...
l.509 
      
pdfTeX warning (ext4): destination with the same identifier (name{equation.0.1}) has been already used, duplicate ignored
<argument> ...shipout:D \box_use:N \l_shipout_box 
                                                  \__shipout_drop_firstpage_...
l.509 
      
pdfTeX warning (ext4): destination with the same identifier (name{equation.0.1}) has been already used, duplicate ignored
<argument> ...shipout:D \box_use:N \l_shipout_box 
                                                  \__shipout_drop_firstpage_...
l.509 
      ] [7]
</Users/david/r_repositories/scoping_review/figures/Figure_2_updated.png, id=163, 867.24pt x 722.7pt>
File: /Users/david/r_repositories/scoping_review/figures/Figure_2_updated.png Graphic file (type png)
<use /Users/david/r_repositories/scoping_review/figures/Figure_2_updated.png>
Package pdftex.def Info: /Users/david/r_repositories/scoping_review/figures/Figure_2_updated.png  used on input line 586.
(pdftex.def)             Requested size: 469.75827pt x 391.46521pt.
[8 </Users/david/r_repositories/scoping_review/figures/Figure_2_updated.png (PNG copy)>]
</Users/david/r_repositories/scoping_review/figures/Figure_3_test_a.png, id=170, 578.16pt x 867.24pt>
File: /Users/david/r_repositories/scoping_review/figures/Figure_3_test_a.png Graphic file (type png)
<use /Users/david/r_repositories/scoping_review/figures/Figure_3_test_a.png>
Package pdftex.def Info: /Users/david/r_repositories/scoping_review/figures/Figure_3_test_a.png  used on input line 619.
(pdftex.def)             Requested size: 433.63658pt x 650.45488pt.

LaTeX Warning: Float too large for page by 47.9693pt on input line 625.

</Users/david/r_repositories/scoping_review/figures/Figure_3_test_b.png, id=171, 578.16pt x 867.24pt>
File: /Users/david/r_repositories/scoping_review/figures/Figure_3_test_b.png Graphic file (type png)
<use /Users/david/r_repositories/scoping_review/figures/Figure_3_test_b.png>
Package pdftex.def Info: /Users/david/r_repositories/scoping_review/figures/Figure_3_test_b.png  used on input line 629.
(pdftex.def)             Requested size: 433.63658pt x 650.45488pt.

LaTeX Warning: Float too large for page by 47.9693pt on input line 634.

LaTeX Font Info:    Calculating math sizes for size <11> on input line 671.
LaTeX Font Info:    External font `lmex10' loaded for size
(Font)              <11> on input line 671.
LaTeX Font Info:    External font `lmex10' loaded for size
(Font)              <7.69997> on input line 671.
LaTeX Font Info:    External font `lmex10' loaded for size
(Font)              <5.5> on input line 671.

Overfull \hbox (1369.93661pt too wide) in alignment at lines 660--675
 [] [] [] [] [] [] [] [] 
 []


Overfull \hbox (1369.93661pt too wide) in alignment at lines 675--687
 [] [] [] [] [] [] [] [] 
 []


Overfull \hbox (1369.93661pt too wide) in alignment at lines 687--733
 [] [] [] [] [] [] [] [] 
 []

[9] [10 </Users/david/r_repositories/scoping_review/figures/Figure_3_test_a.png>] [11 </Users/david/r_repositories/scoping_review/figures/Figure_3_test_b.png>]
</Users/david/r_repositories/scoping_review/figures/Figure_4a_updated.png, id=192, 867.24pt x 722.7pt>
File: /Users/david/r_repositories/scoping_review/figures/Figure_4a_updated.png Graphic file (type png)
<use /Users/david/r_repositories/scoping_review/figures/Figure_4a_updated.png>
Package pdftex.def Info: /Users/david/r_repositories/scoping_review/figures/Figure_4a_updated.png  used on input line 752.
(pdftex.def)             Requested size: 469.75827pt x 391.46521pt.
</Users/david/r_repositories/scoping_review/figures/Figure_4b_updated.png, id=193, 867.24pt x 722.7pt>
File: /Users/david/r_repositories/scoping_review/figures/Figure_4b_updated.png Graphic file (type png)
<use /Users/david/r_repositories/scoping_review/figures/Figure_4b_updated.png>
Package pdftex.def Info: /Users/david/r_repositories/scoping_review/figures/Figure_4b_updated.png  used on input line 756.
(pdftex.def)             Requested size: 469.75827pt x 391.46521pt.
[12 </Users/david/r_repositories/scoping_review/figures/Figure_4a_updated.png>] [13 </Users/david/r_repositories/scoping_review/figures/Figure_4b_updated.png>]
Overfull \hbox (646.63205pt too wide) in alignment at lines 820--831
 [] [] [] [] [] [] [] 
 []


Overfull \hbox (646.63205pt too wide) in alignment at lines 831--837
 [] [] [] [] [] [] [] 
 []


Overfull \hbox (646.63205pt too wide) in alignment at lines 837--1021
 [] [] [] [] [] [] [] 
 []

[14] [15]
Overfull \hbox (2.22221pt too wide) in paragraph at lines 1130--1137
[][] []
 []


Underfull \hbox (badness 10000) in paragraph at lines 1130--1137

 []


Overfull \hbox (2.22221pt too wide) in paragraph at lines 1138--1146
[][][] []
 []


Underfull \hbox (badness 10000) in paragraph at lines 1138--1146

 []


Overfull \hbox (2.22221pt too wide) in paragraph at lines 1147--1156
[][][] []
 []


Underfull \hbox (badness 10000) in paragraph at lines 1147--1156

 []


Overfull \hbox (2.22221pt too wide) in paragraph at lines 1157--1163
[][][] []
 []


Underfull \hbox (badness 10000) in paragraph at lines 1157--1163

 []


Underfull \hbox (badness 10000) in paragraph at lines 1169--1169
\T1/lmr/m/n/10 / / journals . lww . com / co -[] infectiousdiseases / Fulltext / 2021 / 10000 / Zoonoses _ and _ global _ epidemics .
 []


Underfull \hbox (badness 10000) in paragraph at lines 1169--1169
\T1/lmr/m/n/10 2 . aspx ? casa _ token = SHCFt1ljwtgAAAAA : T24JXCMQ3QvBmCQL8D3SAXONd3DiAPIARb -[]
 []


Overfull \hbox (2.22221pt too wide) in paragraph at lines 1164--1170
[][][] []
 []


Underfull \hbox (badness 10000) in paragraph at lines 1164--1170

 []


Overfull \hbox (2.22221pt too wide) in paragraph at lines 1171--1175
[][][] []
 []


Underfull \hbox (badness 10000) in paragraph at lines 1171--1175

 []


Overfull \hbox (2.22221pt too wide) in paragraph at lines 1176--1183
[][][] []
 []


Underfull \hbox (badness 10000) in paragraph at lines 1176--1183

 []

[16]
Overfull \hbox (2.22221pt too wide) in paragraph at lines 1184--1191
[][][] []
 []


Underfull \hbox (badness 10000) in paragraph at lines 1184--1191

 []


Overfull \hbox (2.22221pt too wide) in paragraph at lines 1192--1199
[][][] []
 []


Underfull \hbox (badness 10000) in paragraph at lines 1192--1199

 []


Overfull \hbox (2.22221pt too wide) in paragraph at lines 1200--1206
[][][] []
 []


Underfull \hbox (badness 10000) in paragraph at lines 1200--1206

 []


Overfull \hbox (2.22221pt too wide) in paragraph at lines 1207--1215
[][][] []
 []


Underfull \hbox (badness 10000) in paragraph at lines 1207--1215

 []


Overfull \hbox (2.22221pt too wide) in paragraph at lines 1216--1224
[][][] []
 []


Underfull \hbox (badness 10000) in paragraph at lines 1216--1224

 []


Overfull \hbox (2.22221pt too wide) in paragraph at lines 1225--1231
[][][] []
 []


Underfull \hbox (badness 10000) in paragraph at lines 1225--1231

 []


Overfull \hbox (2.22221pt too wide) in paragraph at lines 1232--1238
[][][] []
 []


Underfull \hbox (badness 10000) in paragraph at lines 1232--1238

 []


Overfull \hbox (2.22221pt too wide) in paragraph at lines 1239--1245
[][][] []
 []


Underfull \hbox (badness 10000) in paragraph at lines 1239--1245

 []


Overfull \hbox (2.22221pt too wide) in paragraph at lines 1246--1252
[][][] []
 []


Underfull \hbox (badness 10000) in paragraph at lines 1246--1252

 []


Overfull \hbox (2.22221pt too wide) in paragraph at lines 1253--1261
[][][] []
 []


Underfull \hbox (badness 10000) in paragraph at lines 1253--1261

 []


Overfull \hbox (2.22221pt too wide) in paragraph at lines 1262--1270
[][][] []
 []


Underfull \hbox (badness 10000) in paragraph at lines 1262--1270

 []


Overfull \hbox (2.22221pt too wide) in paragraph at lines 1271--1277
[][][] []
 []


Underfull \hbox (badness 10000) in paragraph at lines 1271--1277

 []


Overfull \hbox (2.22221pt too wide) in paragraph at lines 1278--1286
[][][] []
 []


Underfull \hbox (badness 10000) in paragraph at lines 1278--1286

 []

[17]
Overfull \hbox (2.22221pt too wide) in paragraph at lines 1287--1294
[][][] []
 []


Underfull \hbox (badness 10000) in paragraph at lines 1287--1294

 []


Overfull \hbox (2.22221pt too wide) in paragraph at lines 1295--1302
[][][] []
 []


Underfull \hbox (badness 10000) in paragraph at lines 1295--1302

 []


Overfull \hbox (2.22221pt too wide) in paragraph at lines 1303--1310
[][][] []
 []


Underfull \hbox (badness 10000) in paragraph at lines 1303--1310

 []


Overfull \hbox (2.22221pt too wide) in paragraph at lines 1311--1318
[][][] []
 []


Underfull \hbox (badness 10000) in paragraph at lines 1311--1318

 []


Overfull \hbox (2.22221pt too wide) in paragraph at lines 1319--1324
[][][] []
 []


Underfull \hbox (badness 10000) in paragraph at lines 1319--1324

 []


Overfull \hbox (2.22221pt too wide) in paragraph at lines 1325--1331
[][][] []
 []


Underfull \hbox (badness 10000) in paragraph at lines 1325--1331

 []


Overfull \hbox (2.22221pt too wide) in paragraph at lines 1332--1338
[][][] []
 []


Underfull \hbox (badness 10000) in paragraph at lines 1332--1338

 []


Overfull \hbox (2.22221pt too wide) in paragraph at lines 1339--1345
[][][] []
 []


Underfull \hbox (badness 10000) in paragraph at lines 1339--1345

 []


Overfull \hbox (2.22221pt too wide) in paragraph at lines 1346--1350
[][][] []
 []


Underfull \hbox (badness 10000) in paragraph at lines 1346--1350

 []


Overfull \hbox (2.22221pt too wide) in paragraph at lines 1351--1357
[][][] []
 []


Underfull \hbox (badness 10000) in paragraph at lines 1351--1357

 []


Underfull \hbox (badness 2790) in paragraph at lines 1362--1362
[]\T1/lmr/m/n/10 IUCN. The IUCN Red List of Threat-ened Species [In-ter-net]. 2021. Ver-fg-bar unter:
 []


Overfull \hbox (2.22221pt too wide) in paragraph at lines 1358--1363
[][][] []
 []


Underfull \hbox (badness 10000) in paragraph at lines 1358--1363

 []


Overfull \hbox (2.22221pt too wide) in paragraph at lines 1364--1370
[][][] []
 []


Underfull \hbox (badness 10000) in paragraph at lines 1364--1370

 []


Overfull \hbox (359.61848pt too wide) in alignment at lines 1385--1396
 [] [] [] 
 []


Overfull \hbox (359.61848pt too wide) in alignment at lines 1396--1402
 [] [] [] 
 []


Overfull \hbox (359.61848pt too wide) in alignment at lines 1402--1796
 [] [] [] 
 []

[18] [19]
Overfull \hbox (26.55667pt too wide) in paragraph at lines 1814--1814
[]|[]\T1/lmr/m/n/11 DOI/ISBN/ISSN[]|  
 []


Overfull \hbox (26.55667pt too wide) in paragraph at lines 1822--1822
[]|[]\T1/lmr/m/n/11 DOI/ISBN/ISSN[]|  
 []


Overfull \hbox (39.1458pt too wide) in paragraph at lines 1828--1828
[]|[]\T1/lmr/m/n/11 10.1515/mammalia- 
 []


Overfull \hbox (114.90108pt too wide) in paragraph at lines 1828--1828
[]|[]\T1/lmr/m/n/11 https://doi.org/10.1515/mammalia- 
 []


Overfull \hbox (63.37949pt too wide) in paragraph at lines 1834--1834
[]|[]\T1/lmr/m/n/11 10.3390/biology10010028[]|  
 []


Overfull \hbox (139.13477pt too wide) in paragraph at lines 1834--1834
[]|[]\T1/lmr/m/n/11 https://doi.org/10.3390/biology10010028[]|  
 []


Overfull \hbox (43.93198pt too wide) in paragraph at lines 1840--1840
[]|[]\T1/lmr/m/n/11 10.17420/ap6602.262[]|  
 []


Overfull \hbox (119.68726pt too wide) in paragraph at lines 1840--1840
[]|[]\T1/lmr/m/n/11 https://doi.org/10.17420/ap6602.262[]|  
 []


Overfull \hbox (36.75153pt too wide) in paragraph at lines 1846--1846
[]|[]\T1/lmr/m/n/11 10.25225/jvb.20009[]|  
 []


Overfull \hbox (112.5068pt too wide) in paragraph at lines 1846--1846
[]|[]\T1/lmr/m/n/11 https://doi.org/10.25225/jvb.20009[]|  
 []


Overfull \hbox (94.79404pt too wide) in paragraph at lines 1852--1852
[]|[]\T1/lmr/m/n/11 10.1080/22221751.2020.1766381[]|  
 []


Overfull \hbox (170.54932pt too wide) in paragraph at lines 1852--1852
[]|[]\T1/lmr/m/n/11 https://doi.org/10.1080/22221751.2020.1766381[]|  
 []


Overfull \hbox (21.25308pt too wide) in paragraph at lines 1858--1858
[]|[]\T1/lmr/m/n/11 10.1007/s10530- 
 []


Overfull \hbox (97.00836pt too wide) in paragraph at lines 1858--1858
[]|[]\T1/lmr/m/n/11 https://doi.org/10.1007/s10530- 
 []


Overfull \hbox (71.5172pt too wide) in paragraph at lines 1864--1864
[]|[]\T1/lmr/m/n/11 10.3390/pathogens9030202[]|  
 []


Overfull \hbox (147.27248pt too wide) in paragraph at lines 1864--1864
[]|[]\T1/lmr/m/n/11 https://doi.org/10.3390/pathogens9030202[]|  
 []


Overfull \hbox (57.09619pt too wide) in paragraph at lines 1870--1870
[]|[]\T1/lmr/m/n/11 10.3201/eid2606.200107[]|  
 []


Overfull \hbox (132.85147pt too wide) in paragraph at lines 1870--1870
[]|[]\T1/lmr/m/n/11 https://doi.org/10.3201/eid2606.200107[]|  
 []


Overfull \hbox (50.51393pt too wide) in paragraph at lines 1876--1876
[]|[]\T1/lmr/m/n/11 10.24189/ncr.2020.005[]|  
 []


Overfull \hbox (140.9299pt too wide) in paragraph at lines 1876--1876
[]|[]\T1/lmr/m/n/11 https://dx.doi.org/10.24189/ncr.2020.005[]|  
 []


Overfull \hbox (18.79977pt too wide) in paragraph at lines 1882--1882
[]|[]\T1/lmr/m/n/11 10.1101/557066[]|  
 []


Overfull \hbox (153.49542pt too wide) in paragraph at lines 1882--1882
[]|[]\T1/lmr/m/n/11 https://doi.org/10.24072/pci.ecology.100044[]|  
 []


Overfull \hbox (2.253pt too wide) in paragraph at lines 1888--1888
[]|[]\T1/lmr/m/n/11 Biodiversity 
 []


Overfull \hbox (50.9573pt too wide) in paragraph at lines 1888--1888
[]|[]\T1/lmr/m/n/11 10.3897/BDJ.7.e34754[]|  
 []


Overfull \hbox (126.71259pt too wide) in paragraph at lines 1888--1888
[]|[]\T1/lmr/m/n/11 https://doi.org/10.3897/BDJ.7.e34754[]|  
 []


Overfull \hbox (94.79404pt too wide) in paragraph at lines 1894--1894
[]|[]\T1/lmr/m/n/11 10.1080/22221751.2019.1605846[]|  
 []


Overfull \hbox (170.54932pt too wide) in paragraph at lines 1894--1894
[]|[]\T1/lmr/m/n/11 https://doi.org/10.1080/22221751.2019.1605846[]|  
 []


Overfull \hbox (35.55458pt too wide) in paragraph at lines 1900--1900
[]|[]\T1/lmr/m/n/11 10.3390/d11120238[]|  
 []


Overfull \hbox (111.30986pt too wide) in paragraph at lines 1900--1900
[]|[]\T1/lmr/m/n/11 https://doi.org/10.3390/d11120238[]|  
 []


Overfull \hbox (35.2553pt too wide) in paragraph at lines 1906--1906
[]|[]\T1/lmr/m/n/11 10.3390/v11020181[]|  
 []


Overfull \hbox (111.01057pt too wide) in paragraph at lines 1906--1906
[]|[]\T1/lmr/m/n/11 https://doi.org/10.3390/v11020181[]|  
 []


Overfull \hbox (81.33105pt too wide) in paragraph at lines 1912--1912
[]|[]\T1/lmr/m/n/11 10.1016/j.ijppaw.2019.02.003[]|  
 []


Overfull \hbox (157.08633pt too wide) in paragraph at lines 1912--1912
[]|[]\T1/lmr/m/n/11 https://doi.org/10.1016/j.ijppaw.2019.02.003[]|  
 []


Overfull \hbox (18.79977pt too wide) in paragraph at lines 1918--1918
[]|[]\T1/lmr/m/n/11 10.1101/616466[]|  
 []


Overfull \hbox (94.55505pt too wide) in paragraph at lines 1918--1918
[]|[]\T1/lmr/m/n/11 https://doi.org/10.1101/616466[]|  
 []


Overfull \hbox (57.09619pt too wide) in paragraph at lines 1924--1924
[]|[]\T1/lmr/m/n/11 10.3201/eid2510.180523[]|  
 []


Overfull \hbox (132.85147pt too wide) in paragraph at lines 1924--1924
[]|[]\T1/lmr/m/n/11 https://doi.org/10.3201/eid2510.180523[]|  
 []


Overfull \hbox (7.87805pt too wide) in paragraph at lines 1930--1930
[]|[]\T1/lmr/m/n/11 Demographic 
 []


Overfull \hbox (17.0043pt too wide) in paragraph at lines 1930--1930
[]|[]\T1/lmr/m/n/11 10.2478/foecol- 
 []


Overfull \hbox (92.75958pt too wide) in paragraph at lines 1930--1930
[]|[]\T1/lmr/m/n/11 https://doi.org/10.2478/foecol- 
 []


Overfull \hbox (73.55147pt too wide) in paragraph at lines 1936--1936
[]|[]\T1/lmr/m/n/11 10.11648/j.eeb.20190404.11[]|  
 []


Overfull \hbox (149.30675pt too wide) in paragraph at lines 1936--1936
[]|[]\T1/lmr/m/n/11 https://doi.org/10.11648/j.eeb.20190404.11[]|  
 []


Overfull \hbox (63.73837pt too wide) in paragraph at lines 1942--1942
[]|[]\T1/lmr/m/n/11 10.3390/urbansci3030099[]|  
 []


Overfull \hbox (139.49365pt too wide) in paragraph at lines 1942--1942
[]|[]\T1/lmr/m/n/11 https://doi.org/10.3390/urbansci3030099[]|  
 []


Overfull \hbox (6.82869pt too wide) in paragraph at lines 1948--1948
[]|[]\T1/lmr/m/n/11 International 
 []


Overfull \hbox (64.9353pt too wide) in paragraph at lines 1948--1948
[]|[]\T1/lmr/m/n/11 10.3126/ijasbt.v7i4.25581[]|  
 []


Overfull \hbox (140.69058pt too wide) in paragraph at lines 1948--1948
[]|[]\T1/lmr/m/n/11 https://doi.org/10.3126/ijasbt.v7i4.25581[]|  
 []


Overfull \hbox (6.82869pt too wide) in paragraph at lines 1954--1954
[]|[]\T1/lmr/m/n/11 International 
 []


Overfull \hbox (77.44142pt too wide) in paragraph at lines 1954--1954
[]|[]\T1/lmr/m/n/11 10.1016/j.ijpara.2018.11.004[]|  
 []


Overfull \hbox (153.1967pt too wide) in paragraph at lines 1954--1954
[]|[]\T1/lmr/m/n/11 https://doi.org/10.1016/j.ijpara.2018.11.004[]|  
 []


Overfull \hbox (4.04785pt too wide) in paragraph at lines 1960--1960
[]|[]\T1/lmr/m/n/11 Parasitology[]|  
 []


Overfull \hbox (78.63783pt too wide) in paragraph at lines 1960--1960
[]|[]\T1/lmr/m/n/11 10.1017/S0031182018001427[]|  
 []


Overfull \hbox (154.39311pt too wide) in paragraph at lines 1960--1960
[]|[]\T1/lmr/m/n/11 https://doi.org/10.1017/S0031182018001427[]|  
 []


Overfull \hbox (66.96983pt too wide) in paragraph at lines 1966--1966
[]|[]\T1/lmr/m/n/11 10.3389/fmicb.2018.00150[]|  
 []


Overfull \hbox (142.72511pt too wide) in paragraph at lines 1966--1966
[]|[]\T1/lmr/m/n/11 https://doi.org/10.3389/fmicb.2018.00150[]|  
 []


Overfull \hbox (1.2035pt too wide) in paragraph at lines 1972--1972
[]|[]\T1/lmr/m/n/11 Widespread 
 []


Overfull \hbox (21.25308pt too wide) in paragraph at lines 1972--1972
[]|[]\T1/lmr/m/n/11 10.1186/s13071- 
 []


Overfull \hbox (97.00836pt too wide) in paragraph at lines 1972--1972
[]|[]\T1/lmr/m/n/11 https://doi.org/10.1186/s13071- 
 []


Overfull \hbox (14.90977pt too wide) in paragraph at lines 1978--1978
[]|[]\T1/lmr/m/n/11 Seroprevalence 
 []


Overfull \hbox (66.72975pt too wide) in paragraph at lines 1978--1978
[]|[]\T1/lmr/m/n/11 10.1051/parasite/2018036[]|  
 []


Overfull \hbox (142.48503pt too wide) in paragraph at lines 1978--1978
[]|[]\T1/lmr/m/n/11 https://doi.org/10.1051/parasite/2018036[]|  
 []


Overfull \hbox (15.05878pt too wide) in paragraph at lines 1984--1984
[]|[]\T1/lmr/m/n/11 Environmental 
 []


Overfull \hbox (21.25308pt too wide) in paragraph at lines 1984--1984
[]|[]\T1/lmr/m/n/11 10.1007/s10661- 
 []


Overfull \hbox (97.00836pt too wide) in paragraph at lines 1984--1984
[]|[]\T1/lmr/m/n/11 https://doi.org/10.1007/s10661- 
 []


Overfull \hbox (102.87192pt too wide) in paragraph at lines 1990--1990
[]|[]\T1/lmr/m/n/11 10.1016/j.actatropica.2018.07.028[]|  
 []


Overfull \hbox (178.6272pt too wide) in paragraph at lines 1990--1990
[]|[]\T1/lmr/m/n/11 https://doi.org/10.1016/j.actatropica.2018.07.028[]|  
 []


Overfull \hbox (50.51393pt too wide) in paragraph at lines 1996--1996
[]|[]\T1/lmr/m/n/11 10.24189/ncr.2018.067[]|  
 []


Overfull \hbox (6.23413pt too wide) in paragraph at lines 1996--1996
\T1/lmr/m/n/11 journal.bear- 
 []


Overfull \hbox (40.3414pt too wide) in paragraph at lines 1996--1996
\T1/lmr/m/n/11 land.org/article/173[]|  
 []


Overfull \hbox (11.8868pt too wide) in paragraph at lines 2002--2002
[]|[]\T1/lmr/m/n/11 Endoparasites 
 []


Overfull \hbox (61.88371pt too wide) in paragraph at lines 2002--2002
[]|[]\T1/lmr/m/n/11 10.3347/kjp.2018.56.1.93[]|  
 []


Overfull \hbox (137.63899pt too wide) in paragraph at lines 2002--2002
[]|[]\T1/lmr/m/n/11 https://doi.org/10.3347/kjp.2018.56.1.93[]|  
 []


Overfull \hbox (14.51935pt too wide) in paragraph at lines 2008--2008
[]|[]\T1/lmr/m/n/11 Parasitological 
 []


Overfull \hbox (21.25308pt too wide) in paragraph at lines 2008--2008
[]|[]\T1/lmr/m/n/11 10.1007/s00436- 
 []


Overfull \hbox (97.00836pt too wide) in paragraph at lines 2008--2008
[]|[]\T1/lmr/m/n/11 https://doi.org/10.1007/s00436- 
 []


Overfull \hbox (41.53888pt too wide) in paragraph at lines 2014--2014
[]|[]\T1/lmr/m/n/11 10.1038/hdy.2017.18[]|  
 []


Overfull \hbox (117.29416pt too wide) in paragraph at lines 2014--2014
[]|[]\T1/lmr/m/n/11 https://doi.org/10.1038/hdy.2017.18[]|  
 []


Overfull \hbox (21.25308pt too wide) in paragraph at lines 2020--2020
[]|[]\T1/lmr/m/n/11 10.1038/s41598- 
 []


Overfull \hbox (97.00836pt too wide) in paragraph at lines 2020--2020
[]|[]\T1/lmr/m/n/11 https://doi.org/10.1038/s41598- 
 []


Overfull \hbox (52.01009pt too wide) in paragraph at lines 2026--2026
[]|[]\T1/lmr/m/n/11 10.1089/vbz.2017.2135[]|  
 []


Overfull \hbox (127.76537pt too wide) in paragraph at lines 2026--2026
[]|[]\T1/lmr/m/n/11 https://doi.org/10.1089/vbz.2017.2135[]|  
 []


Overfull \hbox (15.05878pt too wide) in paragraph at lines 2032--2032
[]|[]\T1/lmr/m/n/11 Environmental 
 []


Overfull \hbox (21.25308pt too wide) in paragraph at lines 2032--2032
[]|[]\T1/lmr/m/n/11 10.1007/s10661- 
 []


Overfull \hbox (140.9898pt too wide) in paragraph at lines 2032--2032
[]|[]\T1/lmr/m/n/11 http://link.springer.com/10.1007/s10661- 
 []


Overfull \hbox (57.09619pt too wide) in paragraph at lines 2038--2038
[]|[]\T1/lmr/m/n/11 10.3201/eid2104.141469[]|  
 []


Overfull \hbox (132.85147pt too wide) in paragraph at lines 2038--2038
[]|[]\T1/lmr/m/n/11 https://doi.org/10.3201/eid2104.141469[]|  
 []


Overfull \hbox (102.87192pt too wide) in paragraph at lines 2044--2044
[]|[]\T1/lmr/m/n/11 10.1016/j.actatropica.2015.08.016[]|  
 []


Overfull \hbox (178.6272pt too wide) in paragraph at lines 2044--2044
[]|[]\T1/lmr/m/n/11 https://doi.org/10.1016/j.actatropica.2015.08.016[]|  
 []


Overfull \hbox (6.59319pt too wide) in paragraph at lines 2050--2050
[]|[]\T1/lmr/m/n/11 osf.io/nj5v8/[]|  
 []


Overfull \hbox (88.3319pt too wide) in paragraph at lines 2050--2050
[]|[]\T1/lmr/m/n/11 https://www.silvavir.com/wp- 
 []


Overfull \hbox (450.81325pt too wide) in paragraph at lines 2050--2050
\T1/lmr/m/n/11 content/uploads/2011/06/SilvaVir_Chimbo_SmMammalsAmphibians_Boe_Report_2015_DEF_web.pdf[]|  
 []


Overfull \hbox (85.22089pt too wide) in paragraph at lines 2056--2056
[]|[]\T1/lmr/m/n/11 10.1371/journal.pntd.0003437[]|  
 []


Overfull \hbox (301.53612pt too wide) in paragraph at lines 2056--2056
[]|[]\T1/lmr/m/n/11 https://journals.plos.org/plosntds/article?id=10.1371/journal.pntd.0003437[]|  
 []


Overfull \hbox (12.21371pt too wide) in paragraph at lines 2062--2062
[]|[]\T1/lmr/m/n/11 Mycobacterial 
 []


Overfull \hbox (11.61923pt too wide) in paragraph at lines 2062--2062
[]|[]\T1/lmr/m/n/11 10.4172/2161- 
 []


Overfull \hbox (8.02896pt too wide) in paragraph at lines 2062--2062
\T1/lmr/m/n/11 1068.1000184[]|  
 []


Overfull \hbox (114.06233pt too wide) in paragraph at lines 2062--2062
[]|[]\T1/lmr/m/n/11 https://www.omicsonline.org/open- 
 []


Overfull \hbox (26.09888pt too wide) in paragraph at lines 2062--2062
\T1/lmr/m/n/11 access/detection- 
 []


Overfull \hbox (21.19362pt too wide) in paragraph at lines 2062--2062
\T1/lmr/m/n/11 mycobacterium- 
 []


Overfull \hbox (8.20898pt too wide) in paragraph at lines 2062--2062
\T1/lmr/m/n/11 transmission- 
 []


Overfull \hbox (59.19128pt too wide) in paragraph at lines 2062--2062
\T1/lmr/m/n/11 1000184.php?aid=56074[]|  
 []


Overfull \hbox (85.81897pt too wide) in paragraph at lines 2068--2068
[]|[]\T1/lmr/m/n/11 10.1371/journal.pone.0110666[]|  
 []


Overfull \hbox (161.57425pt too wide) in paragraph at lines 2068--2068
[]|[]\T1/lmr/m/n/11 https://doi.org/10.1371/journal.pone.0110666[]|  
 []


Overfull \hbox (1.29579pt too wide) in paragraph at lines 2074--2074
[]|[]\T1/lmr/m/n/11 Preliminary 
 []


Overfull \hbox (181.91934pt too wide) in paragraph at lines 2074--2074
[]|[]\T1/lmr/m/n/11 http://ugspace.ug.edu.gh/handle/123456789/6306[]|  
 []


Overfull \hbox (85.81897pt too wide) in paragraph at lines 2080--2080
[]|[]\T1/lmr/m/n/11 10.1371/journal.pone.0078473[]|  
 []


Overfull \hbox (161.57425pt too wide) in paragraph at lines 2080--2080
[]|[]\T1/lmr/m/n/11 https://doi.org/10.1371/journal.pone.0078473[]|  
 []


Overfull \hbox (34.956pt too wide) in paragraph at lines 2086--2086
[]|[]\T1/lmr/m/n/11 10.1111/mec.12112[]|  
 []


Overfull \hbox (110.71127pt too wide) in paragraph at lines 2086--2086
[]|[]\T1/lmr/m/n/11 https://doi.org/10.1111/mec.12112[]|  
 []


Overfull \hbox (85.22089pt too wide) in paragraph at lines 2092--2092
[]|[]\T1/lmr/m/n/11 10.1371/journal.pntd.0002246[]|  
 []


Overfull \hbox (160.97617pt too wide) in paragraph at lines 2092--2092
[]|[]\T1/lmr/m/n/11 https://doi.org/10.1371/journal.pntd.0002246[]|  
 []


Overfull \hbox (39.1458pt too wide) in paragraph at lines 2098--2098
[]|[]\T1/lmr/m/n/11 10.1515/mammalia- 
 []


Overfull \hbox (114.90108pt too wide) in paragraph at lines 2098--2098
[]|[]\T1/lmr/m/n/11 https://doi.org/10.1515/mammalia- 
 []


Overfull \hbox (57.09619pt too wide) in paragraph at lines 2104--2104
[]|[]\T1/lmr/m/n/11 10.3201/eid1911.121491[]|  
 []


Overfull \hbox (132.85147pt too wide) in paragraph at lines 2104--2104
[]|[]\T1/lmr/m/n/11 https://doi.org/10.3201/eid1911.121491[]|  
 []


Overfull \hbox (45.7268pt too wide) in paragraph at lines 2110--2110
[]|[]\T1/lmr/m/n/11 10.5402/2013/502638[]|  
 []


Overfull \hbox (121.48209pt too wide) in paragraph at lines 2110--2110
[]|[]\T1/lmr/m/n/11 https://doi.org/10.5402/2013/502638[]|  
 []


Overfull \hbox (30.16884pt too wide) in paragraph at lines 2116--2116
[]|[]\T1/lmr/m/n/11 10.1111/aje.12055[]|  
 []


Overfull \hbox (105.92412pt too wide) in paragraph at lines 2116--2116
[]|[]\T1/lmr/m/n/11 https://doi.org/10.1111/aje.12055[]|  
 []


Overfull \hbox (85.22089pt too wide) in paragraph at lines 2122--2122
[]|[]\T1/lmr/m/n/11 10.1371/journal.pntd.0001924[]|  
 []


Overfull \hbox (160.97617pt too wide) in paragraph at lines 2122--2122
[]|[]\T1/lmr/m/n/11 https://doi.org/10.1371/journal.pntd.0001924[]|  
 []


Overfull \hbox (39.1458pt too wide) in paragraph at lines 2128--2128
[]|[]\T1/lmr/m/n/11 10.1515/mammalia- 
 []


Overfull \hbox (114.90108pt too wide) in paragraph at lines 2128--2128
[]|[]\T1/lmr/m/n/11 https://doi.org/10.1515/mammalia- 
 []


Overfull \hbox (7.87805pt too wide) in paragraph at lines 2134--2134
[]|[]\T1/lmr/m/n/11 Demographic 
 []


Overfull \hbox (75.3466pt too wide) in paragraph at lines 2134--2134
[]|[]\T1/lmr/m/n/11 10.1016/j.actao.2012.01.002[]|  
 []


Overfull \hbox (151.10188pt too wide) in paragraph at lines 2134--2134
[]|[]\T1/lmr/m/n/11 https://doi.org/10.1016/j.actao.2012.01.002[]|  
 []


Overfull \hbox (88.21233pt too wide) in paragraph at lines 2140--2140
[]|[]\T1/lmr/m/n/11 10.1016/j.jaridenv.2011.04.029[]|  
 []


Overfull \hbox (163.9676pt too wide) in paragraph at lines 2140--2140
[]|[]\T1/lmr/m/n/11 https://doi.org/10.1016/j.jaridenv.2011.04.029[]|  
 []


Overfull \hbox (17.90228pt too wide) in paragraph at lines 2146--2146
[]|[]\T1/lmr/m/n/11 10.1111/j.1469- 
 []


Overfull \hbox (30.46846pt too wide) in paragraph at lines 2146--2146
\T1/lmr/m/n/11 7998.2011.00803.x[]|  
 []


Overfull \hbox (93.65756pt too wide) in paragraph at lines 2146--2146
[]|[]\T1/lmr/m/n/11 https://doi.org/10.1111/j.1469- 
 []


Overfull \hbox (30.46846pt too wide) in paragraph at lines 2146--2146
\T1/lmr/m/n/11 7998.2011.00803.x[]|  
 []


Overfull \hbox (1.74344pt too wide) in paragraph at lines 2152--2152
[]|[]\T1/lmr/m/n/11 Mammalian 
 []


Overfull \hbox (87.6146pt too wide) in paragraph at lines 2152--2152
[]|[]\T1/lmr/m/n/11 10.1016/j.mambio.2011.06.003[]|  
 []


Overfull \hbox (163.36987pt too wide) in paragraph at lines 2152--2152
[]|[]\T1/lmr/m/n/11 https://doi.org/10.1016/j.mambio.2011.06.003[]|  
 []


Overfull \hbox (85.81897pt too wide) in paragraph at lines 2158--2158
[]|[]\T1/lmr/m/n/11 10.1371/journal.pone.0020893[]|  
 []


Overfull \hbox (161.57425pt too wide) in paragraph at lines 2158--2158
[]|[]\T1/lmr/m/n/11 https://doi.org/10.1371/journal.pone.0020893[]|  
 []


Overfull \hbox (17.90228pt too wide) in paragraph at lines 2164--2164
[]|[]\T1/lmr/m/n/11 10.1111/j.1365- 
 []


Overfull \hbox (30.46846pt too wide) in paragraph at lines 2164--2164
\T1/lmr/m/n/11 2028.2009.01144.x[]|  
 []


Overfull \hbox (93.65756pt too wide) in paragraph at lines 2164--2164
[]|[]\T1/lmr/m/n/11 https://doi.org/10.1111/j.1365- 
 []


Overfull \hbox (30.46846pt too wide) in paragraph at lines 2164--2164
\T1/lmr/m/n/11 2028.2009.01144.x[]|  
 []


Overfull \hbox (102.87192pt too wide) in paragraph at lines 2170--2170
[]|[]\T1/lmr/m/n/11 10.1016/j.actatropica.2010.11.004[]|  
 []


Overfull \hbox (178.6272pt too wide) in paragraph at lines 2170--2170
[]|[]\T1/lmr/m/n/11 https://doi.org/10.1016/j.actatropica.2010.11.004[]|  
 []


Overfull \hbox (5.85664pt too wide) in paragraph at lines 2176--2176
[]|[]\T1/lmr/m/n/11 10.1645/GE- 
 []


Overfull \hbox (130.87569pt too wide) in paragraph at lines 2176--2176
[]|[]\T1/lmr/m/n/11 https://www.jstor.org/stable/40802598[]|  
 []


Overfull \hbox (1.50723pt too wide) in paragraph at lines 2182--2182
\T1/lmr/m/n/11 thopoxvirus 
 []


Overfull \hbox (56.49823pt too wide) in paragraph at lines 2182--2182
[]|[]\T1/lmr/m/n/11 10.4269/ajtmh.2010.09- 
 []


Overfull \hbox (132.25351pt too wide) in paragraph at lines 2182--2182
[]|[]\T1/lmr/m/n/11 https://doi.org/10.4269/ajtmh.2010.09- 
 []


Overfull \hbox (67.8524pt too wide) in paragraph at lines 2188--2188
[]|[]\T1/lmr/m/n/11 10.1515/MAMM.2010.026[]|  
 []


Overfull \hbox (138.23784pt too wide) in paragraph at lines 2188--2188
[]|[]\T1/lmr/m/n/11 https://doi.org/10.1515/mamm.2010.026[]|  
 []


Overfull \hbox (45.26866pt too wide) in paragraph at lines 2194--2194
[]|[]\T1/lmr/m/n/11 10.1128/AEM.00199- 
 []


Overfull \hbox (121.02394pt too wide) in paragraph at lines 2194--2194
[]|[]\T1/lmr/m/n/11 https://doi.org/10.1128/AEM.00199- 
 []


Overfull \hbox (239.31096pt too wide) in paragraph at lines 2200--2200
[]|[]\T1/lmr/m/n/11 http://www.aensiweb.net/AENSIWEB/rjabs/rjabs/2010/144- 
 []


Overfull \hbox (93.65756pt too wide) in paragraph at lines 2206--2206
[]|[]\T1/lmr/m/n/11 https://doi.org/10.1111/j.1365- 
 []


Overfull \hbox (30.46846pt too wide) in paragraph at lines 2206--2206
\T1/lmr/m/n/11 2028.2009.01144.x[]|  
 []


Overfull \hbox (78.03925pt too wide) in paragraph at lines 2212--2212
[]|[]\T1/lmr/m/n/11 10.1080/11250000802616817[]|  
 []


Overfull \hbox (153.79453pt too wide) in paragraph at lines 2212--2212
[]|[]\T1/lmr/m/n/11 https://doi.org/10.1080/11250000802616817[]|  
 []


Overfull \hbox (2.253pt too wide) in paragraph at lines 2218--2218
[]|[]\T1/lmr/m/n/11 Biodiversity 
 []


Overfull \hbox (21.25308pt too wide) in paragraph at lines 2218--2218
[]|[]\T1/lmr/m/n/11 10.1007/s10531- 
 []


Overfull \hbox (97.00836pt too wide) in paragraph at lines 2218--2218
[]|[]\T1/lmr/m/n/11 https://doi.org/10.1007/s10531- 
 []


Overfull \hbox (2.253pt too wide) in paragraph at lines 2224--2224
[]|[]\T1/lmr/m/n/11 Biodiversity 
 []


Overfull \hbox (57.45537pt too wide) in paragraph at lines 2224--2224
[]|[]\T1/lmr/m/n/11 10.4314/gjs.v48i1.56252[]|  
 []


Overfull \hbox (207.9482pt too wide) in paragraph at lines 2224--2224
[]|[]\T1/lmr/m/n/11 http://www.ajol.info/index.php/gjs/article/view/56252[]|  
 []


Overfull \hbox (5.9942pt too wide) in paragraph at lines 2230--2230
[]|[]\T1/lmr/m/n/11 osf.io/g3r2e/[]|  
 []


Overfull \hbox (159.71892pt too wide) in paragraph at lines 2230--2230
[]|[]\T1/lmr/m/n/11 http://197.255.68.203/handle/123456789/972[]|  
 []


Overfull \hbox (78.63783pt too wide) in paragraph at lines 2236--2236
[]|[]\T1/lmr/m/n/11 10.1017/S0266467408005105[]|  
 []


Overfull \hbox (389.55128pt too wide) in paragraph at lines 2236--2236
[]|[]\T1/lmr/m/n/11 https://www.cambridge.org/core/product/identifier/S0266467408005105/type/journal_article[]|  
 []


Overfull \hbox (52.01009pt too wide) in paragraph at lines 2242--2242
[]|[]\T1/lmr/m/n/11 10.1089/vbz.2006.0581[]|  
 []


Overfull \hbox (211.83794pt too wide) in paragraph at lines 2242--2242
[]|[]\T1/lmr/m/n/11 https://www.liebertpub.com/doi/10.1089/vbz.2006.0581[]|  
 []


Overfull \hbox (241.2185pt too wide) in paragraph at lines 2248--2248
[]|[]\T1/lmr/m/n/11 http://catalog.hathitrust.org/api/volumes/oclc/76905467.html[]|  
 []


Overfull \hbox (7.19116pt too wide) in paragraph at lines 2254--2254
[]|[]\T1/lmr/m/n/11 Conservation 
 []


Overfull \hbox (46.32538pt too wide) in paragraph at lines 2254--2254
[]|[]\T1/lmr/m/n/11 10.1896/054.047.0116[]|  
 []


Overfull \hbox (122.08066pt too wide) in paragraph at lines 2254--2254
[]|[]\T1/lmr/m/n/11 https://doi.org/10.1896/054.047.0116[]|  
 []


Overfull \hbox (7.19116pt too wide) in paragraph at lines 2260--2260
[]|[]\T1/lmr/m/n/11 Conservation 
 []


Overfull \hbox (46.32538pt too wide) in paragraph at lines 2260--2260
[]|[]\T1/lmr/m/n/11 10.1896/054.050.0114[]|  
 []


Overfull \hbox (122.08066pt too wide) in paragraph at lines 2260--2260
[]|[]\T1/lmr/m/n/11 https://doi.org/10.1896/054.050.0114[]|  
 []


Overfull \hbox (766.21239pt too wide) in paragraph at lines 2266--2266
[]|[]\T1/lmr/m/n/11 https://www.researchgate.net/publication/237736690_Spatial_distribution_of_commensal_rodents_in_regions_with_high_and_low_Lassa_fever_prevalence_in_Guinea[]|  
 []


Overfull \hbox (1.29579pt too wide) in paragraph at lines 2272--2272
[]|[]\T1/lmr/m/n/11 Preliminary 
 []


Overfull \hbox (57.45537pt too wide) in paragraph at lines 2272--2272
[]|[]\T1/lmr/m/n/11 10.4314/gjs.v45i1.15906[]|  
 []


Overfull \hbox (133.21065pt too wide) in paragraph at lines 2272--2272
[]|[]\T1/lmr/m/n/11 https://doi.org/10.4314/gjs.v45i1.15906[]|  
 []


Overfull \hbox (7.19116pt too wide) in paragraph at lines 2278--2278
[]|[]\T1/lmr/m/n/11 Conservation 
 []


Overfull \hbox (6.23383pt too wide) in paragraph at lines 2278--2278
[]|[]\T1/lmr/m/n/11 10.1896/978- 
 []


Overfull \hbox (81.9891pt too wide) in paragraph at lines 2278--2278
[]|[]\T1/lmr/m/n/11 https://doi.org/10.1896/978- 
 []


Overfull \hbox (7.19116pt too wide) in paragraph at lines 2284--2284
[]|[]\T1/lmr/m/n/11 Conservation 
 []


Overfull \hbox (303.18pt too wide) in paragraph at lines 2284--2284
[]|[]\T1/lmr/m/n/11 https://press.uchicago.edu/ucp/books/book/distributed/B/bo4342936.html[]|  
 []


Overfull \hbox (17.90228pt too wide) in paragraph at lines 2290--2290
[]|[]\T1/lmr/m/n/11 10.1046/j.0305- 
 []


Overfull \hbox (30.46846pt too wide) in paragraph at lines 2290--2290
\T1/lmr/m/n/11 0270.2003.00999.x[]|  
 []


Overfull \hbox (93.65756pt too wide) in paragraph at lines 2290--2290
[]|[]\T1/lmr/m/n/11 https://doi.org/10.1046/j.0305- 
 []


Overfull \hbox (30.46846pt too wide) in paragraph at lines 2290--2290
\T1/lmr/m/n/11 0270.2003.00999.x[]|  
 []


Overfull \hbox (122.08066pt too wide) in paragraph at lines 2296--2296
[]|[]\T1/lmr/m/n/11 https://doi.org/10.1896/054.047.0116[]|  
 []


Overfull \hbox (44.22716pt too wide) in paragraph at lines 2302--2302
[]|[]\T1/lmr/m/n/11 10.1007/BF03192504[]|  
 []


Overfull \hbox (163.96388pt too wide) in paragraph at lines 2302--2302
[]|[]\T1/lmr/m/n/11 http://link.springer.com/10.1007/BF03192504[]|  
 []


Overfull \hbox (17.90228pt too wide) in paragraph at lines 2308--2308
[]|[]\T1/lmr/m/n/11 10.1046/j.1365- 
 []


Overfull \hbox (30.46846pt too wide) in paragraph at lines 2308--2308
\T1/lmr/m/n/11 2907.2003.00007.x[]|  
 []


Overfull \hbox (93.65756pt too wide) in paragraph at lines 2308--2308
[]|[]\T1/lmr/m/n/11 https://doi.org/10.1046/j.1365- 
 []


Overfull \hbox (30.46846pt too wide) in paragraph at lines 2308--2308
\T1/lmr/m/n/11 2907.2003.00007.x[]|  
 []


Overfull \hbox (225.60002pt too wide) in paragraph at lines 2314--2314
[]|[]\T1/lmr/m/n/11 https://www.ajol.info/index.php/wajae/article/view/45582[]|  
 []


Overfull \hbox (84.62276pt too wide) in paragraph at lines 2320--2320
[]|[]\T1/lmr/m/n/11 10.1515/mamm.2002.66.4.495[]|  
 []


Overfull \hbox (160.37804pt too wide) in paragraph at lines 2320--2320
[]|[]\T1/lmr/m/n/11 https://doi.org/10.1515/mamm.2002.66.4.495[]|  
 []


Overfull \hbox (78.03925pt too wide) in paragraph at lines 2326--2326
[]|[]\T1/lmr/m/n/11 10.1089/15303660160025912[]|  
 []


Overfull \hbox (153.79453pt too wide) in paragraph at lines 2326--2326
[]|[]\T1/lmr/m/n/11 https://doi.org/10.1089/15303660160025912[]|  
 []


Overfull \hbox (1.29579pt too wide) in paragraph at lines 2332--2332
[]|[]\T1/lmr/m/n/11 Preliminary 
 []


Overfull \hbox (196.87854pt too wide) in paragraph at lines 2332--2332
[]|[]\T1/lmr/m/n/11 https://www.documentation.ird.fr/hor/fdi:010028452[]|  
 []


Overfull \hbox (1.44328pt too wide) in paragraph at lines 2338--2338
\T1/lmr/m/n/11 Helminthol- 
 []


Overfull \hbox (81.32642pt too wide) in paragraph at lines 2338--2338
[]|[]\T1/lmr/m/n/11 10.1017/S0022149X00000172[]|  
 []


Overfull \hbox (157.0817pt too wide) in paragraph at lines 2338--2338
[]|[]\T1/lmr/m/n/11 https://doi.org/10.1017/S0022149X00000172[]|  
 []


Overfull \hbox (197.83438pt too wide) in paragraph at lines 2344--2344
[]|[]\T1/lmr/m/n/11 https://www.researchgate.net/publication/255414166[]|  
 []


Overfull \hbox (536.88089pt too wide) in paragraph at lines 2350--2350
[]|[]\T1/lmr/m/n/11 https://www.zoologicalbulletin.de/BzB_Volumes/Volume_49_1_2_3_4/101_114_BZB49_1_2_3_4_Meinig_Holger.PDF[]|  
 []


Overfull \hbox (17.90228pt too wide) in paragraph at lines 2356--2356
[]|[]\T1/lmr/m/n/11 10.1111/j.1469- 
 []


Overfull \hbox (40.641pt too wide) in paragraph at lines 2356--2356
\T1/lmr/m/n/11 7998.1999.tb01002.x[]|  
 []


Overfull \hbox (93.65756pt too wide) in paragraph at lines 2356--2356
[]|[]\T1/lmr/m/n/11 https://doi.org/10.1111/j.1469- 
 []


Overfull \hbox (40.641pt too wide) in paragraph at lines 2356--2356
\T1/lmr/m/n/11 7998.1999.tb01002.x[]|  
 []


Overfull \hbox (72.05617pt too wide) in paragraph at lines 2362--2362
[]|[]\T1/lmr/m/n/11 10.4269/ajtmh.1994.50.165[]|  
 []


Overfull \hbox (147.81145pt too wide) in paragraph at lines 2362--2362
[]|[]\T1/lmr/m/n/11 https://doi.org/10.4269/ajtmh.1994.50.165[]|  
 []


Overfull \hbox (41.83319pt too wide) in paragraph at lines 2368--2368
[]|[]\T1/lmr/m/n/11 10.4098/AT.arch.93- 
 []


Overfull \hbox (170.54974pt too wide) in paragraph at lines 2368--2368
[]|[]\T1/lmr/m/n/11 https://rcin.org.pl/dlibra/doccontent?id=12166[]|  
 []


Overfull \hbox (1.7425pt too wide) in paragraph at lines 2374--2374
[]|[]\T1/lmr/m/n/11 Mainenance 
 []


Overfull \hbox (2.18488pt too wide) in paragraph at lines 2374--2374
[]|[]\T1/lmr/m/n/11 ADA254536[]|  
 []


Overfull \hbox (168.47551pt too wide) in paragraph at lines 2374--2374
[]|[]\T1/lmr/m/n/11 https://apps.dtic.mil/sti/citations/ADA254536[]|  
 []


Overfull \hbox (11.61923pt too wide) in paragraph at lines 2380--2380
[]|[]\T1/lmr/m/n/11 10.1016/0140- 
 []


Overfull \hbox (17.00435pt too wide) in paragraph at lines 2380--2380
\T1/lmr/m/n/11 6736(91)93404- 
 []


Overfull \hbox (87.37451pt too wide) in paragraph at lines 2380--2380
[]|[]\T1/lmr/m/n/11 https://doi.org/10.1016/0140- 
 []


Overfull \hbox (17.00435pt too wide) in paragraph at lines 2380--2380
\T1/lmr/m/n/11 6736(91)93404- 
 []


Overfull \hbox (3.15112pt too wide) in paragraph at lines 2386--2386
[]|[]\T1/lmr/m/n/11 Distribution 
 []


Overfull \hbox (17.90228pt too wide) in paragraph at lines 2386--2386
[]|[]\T1/lmr/m/n/11 10.1111/j.1365- 
 []


Overfull \hbox (40.641pt too wide) in paragraph at lines 2386--2386
\T1/lmr/m/n/11 2028.1988.tb00970.x[]|  
 []


Overfull \hbox (119.92671pt too wide) in paragraph at lines 2386--2386
[]|[]\T1/lmr/m/n/11 http://doi.wiley.com/10.1111/j.1365- 
 []


Overfull \hbox (40.641pt too wide) in paragraph at lines 2386--2386
\T1/lmr/m/n/11 2028.1988.tb00970.x[]|  
 []


Overfull \hbox (61.04604pt too wide) in paragraph at lines 2392--2392
[]|[]\T1/lmr/m/n/11 10.1093/infdis/155.3.437[]|  
 []


Overfull \hbox (125.37173pt too wide) in paragraph at lines 2392--2392
[]|[]\T1/lmr/m/n/11 https://academic.oup.com/jid/article- 
 []


Overfull \hbox (117.89293pt too wide) in paragraph at lines 2392--2392
\T1/lmr/m/n/11 lookup/doi/10.1093/infdis/155.3.437[]|  
 []


Overfull \hbox (100.17944pt too wide) in paragraph at lines 2398--2398
[]|[]\T1/lmr/m/n/11 10.1080/00034983.1979.11687282[]|  
 []


Overfull \hbox (186.34697pt too wide) in paragraph at lines 2398--2398
[]|[]\T1/lmr/m/n/11 http://dx.doi.org/10.1080/00034983.1979.11687282[]|  
 []


Overfull \hbox (24.18518pt too wide) in paragraph at lines 2404--2404
[]|[]\T1/lmr/m/n/11 10.2307/2402806[]|  
 []


Overfull \hbox (99.94046pt too wide) in paragraph at lines 2404--2404
[]|[]\T1/lmr/m/n/11 https://doi.org/10.2307/2402806[]|  
 []


Overfull \hbox (105.86517pt too wide) in paragraph at lines 2410--2410
[]|[]\T1/lmr/m/n/11 http://hdl.handle.net/2042/58304[]|  
 []


Overfull \hbox (105.86517pt too wide) in paragraph at lines 2410--2410
[]|[]\T1/lmr/m/n/11 http://hdl.handle.net/2042/58304[]|  
 []


Overfull \hbox (8.4722pt too wide) in paragraph at lines 2416--2416
[]|[]\T1/lmr/m/n/11 PMC2366652[]|  
 []


Overfull \hbox (225.50578pt too wide) in paragraph at lines 2416--2416
[]|[]\T1/lmr/m/n/11 https://www.ncbi.nlm.nih.gov/pmc/articles/PMC2366652/[]|  
 []


Overfull \hbox (81.68907pt too wide) in paragraph at lines 2422--2422
[]|[]\T1/lmr/m/n/11 10.1126/science.185.4147.263[]|  
 []


Overfull \hbox (157.44435pt too wide) in paragraph at lines 2422--2422
[]|[]\T1/lmr/m/n/11 https://doi.org/10.1126/science.185.4147.263[]|  
 []


Overfull \hbox (157.59167pt too wide) in paragraph at lines 2428--2428
[]|[]\T1/lmr/m/n/11 https://www.researchgate.net/profile/David- 
 []


Overfull \hbox (953.47697pt too wide) in paragraph at lines 2428--2428
\T1/lmr/m/n/11 Happold/publication/329465563_The_small_Rodents_of_the_forest_savanna_farmland_association_near_Ibadan_Nigeria_with_observations_on_reproduction_biology/links/5c09ebd0299bf139c7446f63/The- 
 []


Overfull \hbox (0.66882pt too wide) in paragraph at lines 2428--2428
\T1/lmr/m/n/11 association- 
 []


Overfull \hbox (7.25107pt too wide) in paragraph at lines 2428--2428
\T1/lmr/m/n/11 observations- 
 []


Overfull \hbox (9.52504pt too wide) in paragraph at lines 2428--2428
\T1/lmr/m/n/11 reproduction- 
 []


Overfull \hbox (15.05878pt too wide) in paragraph at lines 2434--2434
[]|[]\T1/lmr/m/n/11 Environmental 
 []


Overfull \hbox (21.25308pt too wide) in paragraph at lines 2434--2434
[]|[]\T1/lmr/m/n/11 10.1007/s11356- 
 []


Overfull \hbox (97.00836pt too wide) in paragraph at lines 2434--2434
[]|[]\T1/lmr/m/n/11 https://doi.org/10.1007/s11356- 
 []


Overfull \hbox (21.25308pt too wide) in paragraph at lines 2440--2440
[]|[]\T1/lmr/m/n/11 10.1007/s11262- 
 []


Overfull \hbox (97.00836pt too wide) in paragraph at lines 2440--2440
[]|[]\T1/lmr/m/n/11 https://doi.org/10.1007/s11262- 
 []


Overfull \hbox (14.16046pt too wide) in paragraph at lines 2446--2446
[]|[]\T1/lmr/m/n/11 Biotechnologie 
 []


Overfull \hbox (17.00464pt too wide) in paragraph at lines 2446--2446
[]|[]\T1/lmr/m/n/11 10.25518/1780- 
 []


Overfull \hbox (107.42061pt too wide) in paragraph at lines 2446--2446
[]|[]\T1/lmr/m/n/11 https://dx.doi.org/10.25518/1780- 
 []


Overfull \hbox (31.96461pt too wide) in paragraph at lines 2452--2452
[]|[]\T1/lmr/m/n/11 10.4269/ajtmh.19- 
 []


Overfull \hbox (122.38058pt too wide) in paragraph at lines 2452--2452
[]|[]\T1/lmr/m/n/11 https://dx.doi.org/10.4269/ajtmh.19- 
 []


Overfull \hbox (21.25308pt too wide) in paragraph at lines 2458--2458
[]|[]\T1/lmr/m/n/11 10.1007/s10393- 
 []


Overfull \hbox (97.00836pt too wide) in paragraph at lines 2458--2458
[]|[]\T1/lmr/m/n/11 https://doi.org/10.1007/s10393- 
 []


Overfull \hbox (57.09619pt too wide) in paragraph at lines 2464--2464
[]|[]\T1/lmr/m/n/11 10.3201/eid2204.150155[]|  
 []


Overfull \hbox (132.85147pt too wide) in paragraph at lines 2464--2464
[]|[]\T1/lmr/m/n/11 https://doi.org/10.3201/eid2204.150155[]|  
 []


Overfull \hbox (32.62218pt too wide) in paragraph at lines 2470--2470
[]|[]\T1/lmr/m/n/11 10.1038/srep25280[]|  
 []


Overfull \hbox (108.37746pt too wide) in paragraph at lines 2470--2470
[]|[]\T1/lmr/m/n/11 https://doi.org/10.1038/srep25280[]|  
 []


Overfull \hbox (15.05878pt too wide) in paragraph at lines 2476--2476
[]|[]\T1/lmr/m/n/11 Environmental 
 []


Overfull \hbox (21.25308pt too wide) in paragraph at lines 2476--2476
[]|[]\T1/lmr/m/n/11 10.1007/s10661- 
 []


Overfull \hbox (97.00836pt too wide) in paragraph at lines 2476--2476
[]|[]\T1/lmr/m/n/11 https://doi.org/10.1007/s10661- 
 []


Overfull \hbox (14.0724pt too wide) in paragraph at lines 2482--2482
[]|[]\T1/lmr/m/n/11 Onderstepoort 
 []


Overfull \hbox (52.30937pt too wide) in paragraph at lines 2482--2482
[]|[]\T1/lmr/m/n/11 10.4102/ojvr.v82i1.899[]|  
 []


Overfull \hbox (228.83171pt too wide) in paragraph at lines 2482--2482
[]|[]\T1/lmr/m/n/11 http://www.ojvr.org/index.php/ojvr/article/view/899/html[]|  
 []


Overfull \hbox (1027.7646pt too wide) in paragraph at lines 2488--2488
[]|[]\T1/lmr/m/n/11 https://www.researchgate.net/publication/261041768_Effect_of_habitat_change_through_infrastructural_development_on_small_mammal_diversity_and_abundance_on_the_Legon_campus_of_the_University_of_Ghana[]|  
 []


Overfull \hbox (57.09619pt too wide) in paragraph at lines 2494--2494
[]|[]\T1/lmr/m/n/11 10.3201/eid1607.100146[]|  
 []


Overfull \hbox (132.85147pt too wide) in paragraph at lines 2494--2494
[]|[]\T1/lmr/m/n/11 https://doi.org/10.3201/eid1607.100146[]|  
 []


Overfull \hbox (17.90228pt too wide) in paragraph at lines 2500--2500
[]|[]\T1/lmr/m/n/11 10.1111/j.1365- 
 []


Overfull \hbox (30.46846pt too wide) in paragraph at lines 2500--2500
\T1/lmr/m/n/11 2028.2010.01221.x[]|  
 []


Overfull \hbox (93.65756pt too wide) in paragraph at lines 2500--2500
[]|[]\T1/lmr/m/n/11 https://doi.org/10.1111/j.1365- 
 []


Overfull \hbox (30.46846pt too wide) in paragraph at lines 2500--2500
\T1/lmr/m/n/11 2028.2010.01221.x[]|  
 []


Overfull \hbox (17.90228pt too wide) in paragraph at lines 2506--2506
[]|[]\T1/lmr/m/n/11 10.1111/j.1365- 
 []


Overfull \hbox (30.46846pt too wide) in paragraph at lines 2506--2506
\T1/lmr/m/n/11 2028.2009.01169.x[]|  
 []


Overfull \hbox (93.65756pt too wide) in paragraph at lines 2506--2506
[]|[]\T1/lmr/m/n/11 https://doi.org/10.1111/j.1365- 
 []


Overfull \hbox (30.46846pt too wide) in paragraph at lines 2506--2506
\T1/lmr/m/n/11 2028.2009.01169.x[]|  
 []


Overfull \hbox (51.4118pt too wide) in paragraph at lines 2512--2512
[]|[]\T1/lmr/m/n/11 10.4314/ari.v6i3.55986[]|  
 []


Overfull \hbox (127.16708pt too wide) in paragraph at lines 2512--2512
[]|[]\T1/lmr/m/n/11 https://doi.org/10.4314/ari.v6i3.55986[]|  
 []


Overfull \hbox (11.61923pt too wide) in paragraph at lines 2518--2518
[]|[]\T1/lmr/m/n/11 10.1644/1545- 
 []


Overfull \hbox (123.95615pt too wide) in paragraph at lines 2518--2518
\T1/lmr/m/n/11 1542(2005)86[997:PDOTMR]2.0.CO;2[]|  
 []


Overfull \hbox (87.37451pt too wide) in paragraph at lines 2518--2518
[]|[]\T1/lmr/m/n/11 https://doi.org/10.1644/1545- 
 []


Overfull \hbox (123.95615pt too wide) in paragraph at lines 2518--2518
\T1/lmr/m/n/11 1542(2005)86[997:PDOTMR]2.0.CO;2[]|  
 []


Overfull \hbox (78.63783pt too wide) in paragraph at lines 2524--2524
[]|[]\T1/lmr/m/n/11 10.1017/S0952836904005977[]|  
 []


Overfull \hbox (154.39311pt too wide) in paragraph at lines 2524--2524
[]|[]\T1/lmr/m/n/11 https://doi.org/10.1017/S0952836904005977[]|  
 []


Overfull \hbox (17.90228pt too wide) in paragraph at lines 2530--2530
[]|[]\T1/lmr/m/n/11 10.1046/j.0141- 
 []


Overfull \hbox (30.46846pt too wide) in paragraph at lines 2530--2530
\T1/lmr/m/n/11 6707.2001.00353.x[]|  
 []


Overfull \hbox (93.65756pt too wide) in paragraph at lines 2530--2530
[]|[]\T1/lmr/m/n/11 https://doi.org/10.1046/j.0141- 
 []


Overfull \hbox (30.46846pt too wide) in paragraph at lines 2530--2530
\T1/lmr/m/n/11 6707.2001.00353.x[]|  
 []


Overfull \hbox (21.08713pt too wide) in paragraph at lines 2536--2536
[]|[]\T1/lmr/m/n/11 Gastrointestinal 
 []


Overfull \hbox (1.44328pt too wide) in paragraph at lines 2536--2536
\T1/lmr/m/n/11 Helminthol- 
 []


Overfull \hbox (81.32642pt too wide) in paragraph at lines 2536--2536
[]|[]\T1/lmr/m/n/11 10.1017/S0022149X00015947[]|  
 []


Overfull \hbox (157.0817pt too wide) in paragraph at lines 2536--2536
[]|[]\T1/lmr/m/n/11 https://doi.org/10.1017/S0022149X00015947[]|  
 []


Overfull \hbox (5.45575pt too wide) in paragraph at lines 2542--2542
[]|[]\T1/lmr/m/n/11 Transactions 
 []


Overfull \hbox (11.61923pt too wide) in paragraph at lines 2542--2542
[]|[]\T1/lmr/m/n/11 10.1016/0035- 
 []


Overfull \hbox (17.00435pt too wide) in paragraph at lines 2542--2542
\T1/lmr/m/n/11 9203(95)90642- 
 []


Overfull \hbox (87.37451pt too wide) in paragraph at lines 2542--2542
[]|[]\T1/lmr/m/n/11 https://doi.org/10.1016/0035- 
 []


Overfull \hbox (17.00435pt too wide) in paragraph at lines 2542--2542
\T1/lmr/m/n/11 9203(95)90642- 
 []


Overfull \hbox (5.45575pt too wide) in paragraph at lines 2548--2548
[]|[]\T1/lmr/m/n/11 Transactions 
 []


Overfull \hbox (11.61923pt too wide) in paragraph at lines 2548--2548
[]|[]\T1/lmr/m/n/11 10.1016/0035- 
 []


Overfull \hbox (17.00435pt too wide) in paragraph at lines 2548--2548
\T1/lmr/m/n/11 9203(94)90412- 
 []


Overfull \hbox (87.37451pt too wide) in paragraph at lines 2548--2548
[]|[]\T1/lmr/m/n/11 https://doi.org/10.1016/0035- 
 []


Overfull \hbox (17.00435pt too wide) in paragraph at lines 2548--2548
\T1/lmr/m/n/11 9203(94)90412- 
 []


Overfull \hbox (72.05617pt too wide) in paragraph at lines 2554--2554
[]|[]\T1/lmr/m/n/11 10.4269/ajtmh.1983.32.624[]|  
 []


Overfull \hbox (147.81145pt too wide) in paragraph at lines 2554--2554
[]|[]\T1/lmr/m/n/11 https://doi.org/10.4269/ajtmh.1983.32.624[]|  
 []


Overfull \hbox (15.05763pt too wide) in paragraph at lines 2560--2560
[]|[]\T1/lmr/m/n/11 Bacteriological 
 []


Overfull \hbox (150.8051pt too wide) in paragraph at lines 2560--2560
[]|[]\T1/lmr/m/n/11 https://pubmed.ncbi.nlm.nih.gov/7043824/[]|  
 []


Overfull \hbox (1.74344pt too wide) in paragraph at lines 2566--2566
[]|[]\T1/lmr/m/n/11 Mammalian 
 []


Overfull \hbox (84.62276pt too wide) in paragraph at lines 2566--2566
[]|[]\T1/lmr/m/n/11 10.1515/mamm.1975.39.4.523[]|  
 []


Overfull \hbox (160.37804pt too wide) in paragraph at lines 2566--2566
[]|[]\T1/lmr/m/n/11 https://doi.org/10.1515/mamm.1975.39.4.523[]|  
 []


Overfull \hbox (2.253pt too wide) in paragraph at lines 2572--2572
[]|[]\T1/lmr/m/n/11 Biodiversity 
 []


Overfull \hbox (67.5636pt too wide) in paragraph at lines 2572--2572
[]|[]\T1/lmr/m/n/11 10.1023/A:1008964000018[]|  
 []


Overfull \hbox (143.31888pt too wide) in paragraph at lines 2572--2572
[]|[]\T1/lmr/m/n/11 https://doi.org/10.1023/A:1008964000018[]|  
 []


Overfull \hbox (972.34227pt too wide) in paragraph at lines 2578--2578
[]|[]\T1/lmr/m/n/11 https://www.researchgate.net/publication/286729972_Effects_of_Urbanization_and_Agricultural_Expansion_on_the_Upsurge_of_Wild_Rats_Rattus_rattus_in_Yenagoa_Metropolis_of_Bayelsa_State_Nigeria[]|  
 []

[20] [21] [22] [23] [24] [25] [26] [27] [28] [29] [30] [31] [32] [33] [34] [35] [36] [37] [38] [39] [40] [41] [42] [43] [44] [45] [46] [47] [48] [49] [50] [51] [52]
Overfull \hbox (28.27766pt too wide) in alignment at lines 2595--2606
 [] [] [] [] [] [] 
 []


Overfull \hbox (28.27766pt too wide) in alignment at lines 2606--2612
 [] [] [] [] [] [] 
 []


Overfull \hbox (28.27766pt too wide) in alignment at lines 2612--2636
 [] [] [] [] [] [] 
 []


Overfull \hbox (28.27766pt too wide) in alignment at lines 2636--2658
 [] [] [] [] [] [] 
 []


Overfull \hbox (39.84003pt too wide) in alignment at lines 2666--2677
 [] [] [] [] [] [] 
 []


Overfull \hbox (39.84003pt too wide) in alignment at lines 2677--2683
 [] [] [] [] [] [] 
 []


Overfull \hbox (39.84003pt too wide) in alignment at lines 2683--2707
 [] [] [] [] [] [] 
 []


Overfull \hbox (39.84003pt too wide) in alignment at lines 2707--2735
 [] [] [] [] [] [] 
 []

[53]
Overfull \hbox (39.84003pt too wide) in alignment at lines 2743--2754
 [] [] [] [] [] [] 
 []


Overfull \hbox (39.84003pt too wide) in alignment at lines 2754--2760
 [] [] [] [] [] [] 
 []


Overfull \hbox (39.84003pt too wide) in alignment at lines 2760--2784
 [] [] [] [] [] [] 
 []


Overfull \hbox (39.84003pt too wide) in alignment at lines 2784--2818
 [] [] [] [] [] [] 
 []


Overfull \hbox (42.73145pt too wide) in alignment at lines 2826--2837
 [] [] [] [] [] [] 
 []


Overfull \hbox (42.73145pt too wide) in alignment at lines 2837--2843
 [] [] [] [] [] [] 
 []


Overfull \hbox (42.73145pt too wide) in alignment at lines 2843--2867
 [] [] [] [] [] [] 
 []


Overfull \hbox (42.73145pt too wide) in alignment at lines 2867--2913
 [] [] [] [] [] [] 
 []

[54]
Overfull \hbox (39.84003pt too wide) in alignment at lines 2921--2932
 [] [] [] [] [] [] 
 []


Overfull \hbox (39.84003pt too wide) in alignment at lines 2932--2938
 [] [] [] [] [] [] 
 []


Overfull \hbox (39.84003pt too wide) in alignment at lines 2938--2962
 [] [] [] [] [] [] 
 []


Overfull \hbox (39.84003pt too wide) in alignment at lines 2962--3002
 [] [] [] [] [] [] 
 []

[55]
</Users/david/r_repositories/scoping_review/figures/Supplementary_figure_1.png, id=604, 722.7pt x 578.16pt>
File: /Users/david/r_repositories/scoping_review/figures/Supplementary_figure_1.png Graphic file (type png)
<use /Users/david/r_repositories/scoping_review/figures/Supplementary_figure_1.png>
Package pdftex.def Info: /Users/david/r_repositories/scoping_review/figures/Supplementary_figure_1.png  used on input line 3009.
(pdftex.def)             Requested size: 469.76045pt x 375.80836pt.
</Users/david/r_repositories/scoping_review/figures/Supplementary_figure_2.png, id=605, 867.24pt x 578.16pt>
File: /Users/david/r_repositories/scoping_review/figures/Supplementary_figure_2.png Graphic file (type png)
<use /Users/david/r_repositories/scoping_review/figures/Supplementary_figure_2.png>
Package pdftex.def Info: /Users/david/r_repositories/scoping_review/figures/Supplementary_figure_2.png  used on input line 3022.
(pdftex.def)             Requested size: 469.75827pt x 313.17216pt.
</Users/david/r_repositories/scoping_review/figures/Figure_2_sensitivity.png, id=606, 867.24pt x 722.7pt>
File: /Users/david/r_repositories/scoping_review/figures/Figure_2_sensitivity.png Graphic file (type png)
<use /Users/david/r_repositories/scoping_review/figures/Figure_2_sensitivity.png>
Package pdftex.def Info: /Users/david/r_repositories/scoping_review/figures/Figure_2_sensitivity.png  used on input line 3035.
(pdftex.def)             Requested size: 469.75827pt x 391.46521pt.
</Users/david/r_repositories/scoping_review/figures/Figure_2_ss.png, id=608, 867.24pt x 722.7pt>
File: /Users/david/r_repositories/scoping_review/figures/Figure_2_ss.png Graphic file (type png)
<use /Users/david/r_repositories/scoping_review/figures/Figure_2_ss.png>
Package pdftex.def Info: /Users/david/r_repositories/scoping_review/figures/Figure_2_ss.png  used on input line 3046.
(pdftex.def)             Requested size: 469.75827pt x 391.46521pt.
[56 </Users/david/r_repositories/scoping_review/figures/Supplementary_figure_1.png>] [57 </Users/david/r_repositories/scoping_review/figures/Supplementary_figure_2.png>] [58 </Users/david/r_repositories/scoping_review/figures/Figure_2_sensitivity.png>]
</Users/david/r_repositories/scoping_review/figures/Supp_4a_updated.png, id=629, 3613.5pt x 3011.25pt>
File: /Users/david/r_repositories/scoping_review/figures/Supp_4a_updated.png Graphic file (type png)
<use /Users/david/r_repositories/scoping_review/figures/Supp_4a_updated.png>
Package pdftex.def Info: /Users/david/r_repositories/scoping_review/figures/Supp_4a_updated.png  used on input line 3051.
(pdftex.def)             Requested size: 469.71635pt x 391.4303pt.
</Users/david/r_repositories/scoping_review/figures/Supp_4b_updated.png, id=630, 3613.5pt x 3011.25pt>
File: /Users/david/r_repositories/scoping_review/figures/Supp_4b_updated.png Graphic file (type png)
<use /Users/david/r_repositories/scoping_review/figures/Supp_4b_updated.png>
Package pdftex.def Info: /Users/david/r_repositories/scoping_review/figures/Supp_4b_updated.png  used on input line 3055.
(pdftex.def)             Requested size: 469.71635pt x 391.4303pt.
[59 </Users/david/r_repositories/scoping_review/figures/Figure_2_ss.png>] [60 </Users/david/r_repositories/scoping_review/figures/Supp_4a_updated.png>] [61 </Users/david/r_repositories/scoping_review/figures/Supp_4b_updated.png>] (./manuscript_v4.aux)
Package rerunfilecheck Info: File `manuscript_v4.out' has not changed.
(rerunfilecheck)             Checksum: 55A5ED71322D407546DBBF3B5EBCC256;6354.
 ) 
Here is how much of TeX's memory you used:
 11341 strings out of 480260
 183028 string characters out of 5893586
 886013 words of memory out of 5000000
 28890 multiletter control sequences out of 15000+600000
 550077 words of font info for 88 fonts, out of 8000000 for 9000
 14 hyphenation exceptions out of 8191
 72i,10n,77p,2917b,424s stack positions out of 10000i,1000n,20000p,200000b,200000s
{/Users/david/Library/TinyTeX/texmf-dist/fonts/enc/dvips/lm/lm-ec.enc}{/Users/david/Library/TinyTeX/texmf-dist/fonts/enc/dvips/lm/lm-mathsy.enc}</Users/david/Library/TinyTeX/texmf-dist/fonts/type1/public/lm/lmbx10.pfb></Users/david/Library/TinyTeX/texmf-dist/fonts/type1/public/lm/lmbx12.pfb></Users/david/Library/TinyTeX/texmf-dist/fonts/type1/public/lm/lmr10.pfb></Users/david/Library/TinyTeX/texmf-dist/fonts/type1/public/lm/lmr12.pfb></Users/david/Library/TinyTeX/texmf-dist/fonts/type1/public/lm/lmr17.pfb></Users/david/Library/TinyTeX/texmf-dist/fonts/type1/public/lm/lmr8.pfb></Users/david/Library/TinyTeX/texmf-dist/fonts/type1/public/lm/lmri10.pfb></Users/david/Library/TinyTeX/texmf-dist/fonts/type1/public/lm/lmri12.pfb></Users/david/Library/TinyTeX/texmf-dist/fonts/type1/public/lm/lmsy10.pfb>
Output written on manuscript_v4.pdf (61 pages, 3560329 bytes).
PDF statistics:
 732 PDF objects out of 1000 (max. 8388607)
 621 compressed objects within 7 object streams
 169 named destinations out of 1000 (max. 500000)
 261 words of extra memory for PDF output out of 10000 (max. 10000000)

